<?xml version="1.0" encoding="UTF-8"?>
<testsuites name="dots" tests="751" failures="0" errors="0" uuid="f54c6c39-bd5f-45c6-87b8-6a5301e4794a" timestamp="2025-08-06T15:03:55.736+00:00" time="6.059">
    <testsuite name="grpc" tests="42" disabled="0" errors="0" failures="0">
        <testcase name="from_server_proxy::tests::utest_distribute_workload_states_to_agents_shall_distribute_workload_states_from_other_agents" classname="grpc" timestamp="2025-08-06T15:04:01.653+00:00" time="0.004">
        </testcase>
        <testcase name="from_server_proxy::tests::utest_distribute_workloads_to_agents_shall_distribute_workloads_to_existing_agents" classname="grpc" timestamp="2025-08-06T15:04:01.656+00:00" time="0.003">
        </testcase>
        <testcase name="from_server_proxy::tests::utest_distribute_workloads_to_agents_shall_not_distribute_workloads_to_non_existing_agents" classname="grpc" timestamp="2025-08-06T15:04:01.660+00:00" time="0.005">
        </testcase>
        <testcase name="from_server_proxy::tests::utest_from_server_proxy_forward_from_dots_to_proto_complete_state" classname="grpc" timestamp="2025-08-06T15:04:01.662+00:00" time="0.004">
        </testcase>
        <testcase name="from_server_proxy::tests::utest_from_server_proxy_forward_from_dots_to_proto_update_workload_state" classname="grpc" timestamp="2025-08-06T15:04:01.666+00:00" time="0.004">
        </testcase>
        <testcase name="from_server_proxy::tests::utest_from_server_proxy_forward_from_dots_to_proto_update_workload" classname="grpc" timestamp="2025-08-06T15:04:01.664+00:00" time="0.009">
        </testcase>
        <testcase name="from_server_proxy::tests::utest_from_server_proxy_forward_from_proto_to_dots_handles_incorrect_added_workloads" classname="grpc" timestamp="2025-08-06T15:04:01.670+00:00" time="0.008">
        </testcase>
        <testcase name="from_server_proxy::tests::utest_from_server_proxy_forward_from_proto_to_dots_handles_incorrect_deleted_workloads" classname="grpc" timestamp="2025-08-06T15:04:01.673+00:00" time="0.005">
        </testcase>
        <testcase name="from_server_proxy::tests::utest_from_server_proxy_forward_from_proto_to_dots_response" classname="grpc" timestamp="2025-08-06T15:04:01.678+00:00" time="0.004">
        </testcase>
        <testcase name="from_server_proxy::tests::utest_from_server_proxy_forward_from_proto_to_dots_handles_missing_agent_reply" classname="grpc" timestamp="2025-08-06T15:04:01.678+00:00" time="0.008">
        </testcase>
        <testcase name="from_server_proxy::tests::utest_from_server_proxy_forward_from_proto_to_dots_update_workload" classname="grpc" timestamp="2025-08-06T15:04:01.683+00:00" time="0.008">
        </testcase>
        <testcase name="from_server_proxy::tests::utest_from_server_proxy_forward_from_proto_to_dots_update_workload_state" classname="grpc" timestamp="2025-08-06T15:04:01.686+00:00" time="0.009">
        </testcase>
        <testcase name="grpc_api::tests::utest_convert_from_server_to_proto_complete_state" classname="grpc" timestamp="2025-08-06T15:04:01.691+00:00" time="0.007">
        </testcase>
        <testcase name="grpc_api::tests::utest_convert_from_server_to_proto_update_workload" classname="grpc" timestamp="2025-08-06T15:04:01.695+00:00" time="0.005">
        </testcase>
        <testcase name="grpc_api::tests::utest_convert_from_server_to_proto_update_workload_state" classname="grpc" timestamp="2025-08-06T15:04:01.698+00:00" time="0.005">
        </testcase>
        <testcase name="grpc_api::tests::utest_convert_proto_to_server_agent_hello" classname="grpc" timestamp="2025-08-06T15:04:01.700+00:00" time="0.004">
        </testcase>
        <testcase name="grpc_api::tests::utest_convert_proto_to_server_agent_resource" classname="grpc" timestamp="2025-08-06T15:04:01.703+00:00" time="0.005">
        </testcase>
        <testcase name="grpc_api::tests::utest_convert_proto_to_server_request_complete_state" classname="grpc" timestamp="2025-08-06T15:04:01.705+00:00" time="0.005">
        </testcase>
        <testcase name="grpc_api::tests::utest_convert_proto_to_server_update_state" classname="grpc" timestamp="2025-08-06T15:04:01.708+00:00" time="0.005">
        </testcase>
        <testcase name="grpc_api::tests::utest_convert_proto_to_server_update_state_fails" classname="grpc" timestamp="2025-08-06T15:04:01.709+00:00" time="0.005">
        </testcase>
        <testcase name="grpc_api::tests::utest_convert_proto_to_server_update_workload_state" classname="grpc" timestamp="2025-08-06T15:04:01.712+00:00" time="0.004">
        </testcase>
        <testcase name="grpc_api::tests::utest_converts_from_proto_update_workload_state" classname="grpc" timestamp="2025-08-06T15:04:01.714+00:00" time="0.004">
        </testcase>
        <testcase name="grpc_api::tests::utest_converts_to_dots_added_workload" classname="grpc" timestamp="2025-08-06T15:04:01.716+00:00" time="0.004">
        </testcase>
        <testcase name="grpc_api::tests::utest_converts_to_dots_added_workload_fails" classname="grpc" timestamp="2025-08-06T15:04:01.718+00:00" time="0.004">
        </testcase>
        <testcase name="grpc_api::tests::utest_converts_to_dots_deleted_workload" classname="grpc" timestamp="2025-08-06T15:04:01.721+00:00" time="0.004">
        </testcase>
        <testcase name="grpc_api::tests::utest_converts_to_dots_deleted_workload_fails" classname="grpc" timestamp="2025-08-06T15:04:01.723+00:00" time="0.004">
        </testcase>
        <testcase name="grpc_api::tests::utest_converts_to_proto_added_workload" classname="grpc" timestamp="2025-08-06T15:04:01.725+00:00" time="0.005">
        </testcase>
        <testcase name="grpc_api::tests::utest_converts_to_proto_deleted_workload" classname="grpc" timestamp="2025-08-06T15:04:01.727+00:00" time="0.004">
        </testcase>
        <testcase name="tests::test_read_pem_file_and_check_permissions" classname="grpc" timestamp="2025-08-06T15:04:01.731+00:00" time="0.005">
        </testcase>
        <testcase name="grpc_api::tests::utest_converts_to_proto_update_workload_state" classname="grpc" timestamp="2025-08-06T15:04:01.730+00:00" time="0.008">
        </testcase>
        <testcase name="tests::utest_read_pem_file" classname="grpc" timestamp="2025-08-06T15:04:01.736+00:00" time="0.009">
        </testcase>
        <testcase name="to_server_proxy::tests::utest_to_server_command_forward_from_dots_to_proto_agent_resources" classname="grpc" timestamp="2025-08-06T15:04:01.738+00:00" time="0.007">
        </testcase>
        <testcase name="to_server_proxy::tests::utest_to_server_command_forward_from_dots_to_proto_request_complete_state" classname="grpc" timestamp="2025-08-06T15:04:01.745+00:00" time="0.005">
        </testcase>
        <testcase name="to_server_proxy::tests::utest_to_server_command_forward_from_dots_to_proto_update_workload" classname="grpc" timestamp="2025-08-06T15:04:01.746+00:00" time="0.005">
        </testcase>
        <testcase name="to_server_proxy::tests::utest_to_server_command_forward_from_dots_to_proto_update_workload_state" classname="grpc" timestamp="2025-08-06T15:04:01.751+00:00" time="0.005">
        </testcase>
        <testcase name="to_server_proxy::tests::utest_to_server_command_forward_from_proto_to_dots_agent_resources" classname="grpc" timestamp="2025-08-06T15:04:01.751+00:00" time="0.005">
        </testcase>
        <testcase name="to_server_proxy::tests::utest_to_server_command_forward_from_proto_to_dots_handles_missing_to_server" classname="grpc" timestamp="2025-08-06T15:04:01.756+00:00" time="0.004">
        </testcase>
        <testcase name="to_server_proxy::tests::utest_to_server_command_forward_from_proto_to_dots_fail_on_invalid_state" classname="grpc" timestamp="2025-08-06T15:04:01.756+00:00" time="0.006">
        </testcase>
        <testcase name="to_server_proxy::tests::utest_to_server_command_forward_from_proto_to_dots_ignores_none" classname="grpc" timestamp="2025-08-06T15:04:01.761+00:00" time="0.005">
        </testcase>
        <testcase name="to_server_proxy::tests::utest_to_server_command_forward_from_proto_to_dots_request_complete_state" classname="grpc" timestamp="2025-08-06T15:04:01.761+00:00" time="0.006">
        </testcase>
        <testcase name="to_server_proxy::tests::utest_to_server_command_forward_from_proto_to_dots_update_workload" classname="grpc" timestamp="2025-08-06T15:04:01.766+00:00" time="0.005">
        </testcase>
        <testcase name="to_server_proxy::tests::utest_to_server_command_forward_from_proto_to_dots_update_workload_state" classname="grpc" timestamp="2025-08-06T15:04:01.767+00:00" time="0.005">
        </testcase>
    </testsuite>
    <testsuite name="grpc::grpc_test" tests="3" disabled="0" errors="0" failures="0">
        <testcase name="grpc_tests::itest_grpc_communication_client_cli_connection_grpc_server_received_request_complete_state" classname="grpc::grpc_test" timestamp="2025-08-06T15:04:01.772+00:00" time="0.014">
        </testcase>
        <testcase name="grpc_tests::itest_grpc_communication_client_agent_connection_grpc_server_received_agent_hello" classname="grpc::grpc_test" timestamp="2025-08-06T15:04:01.770+00:00" time="0.016">
        </testcase>
        <testcase name="grpc_tests::itest_grpc_communication_client_cli_connection_grpc_server_received_update_state" classname="grpc::grpc_test" timestamp="2025-08-06T15:04:01.786+00:00" time="0.010">
        </testcase>
    </testsuite>
    <testsuite name="dot::bin/dot" tests="382" disabled="0" errors="0" failures="0">
        <testcase name="agent_config::tests::utest_agent_config_conflicting_certificates" classname="dot::bin/dot" timestamp="2025-08-06T15:03:56.056+00:00" time="0.006">
        </testcase>
        <testcase name="agent_config::tests::utest_agent_config_from_file_successful" classname="dot::bin/dot" timestamp="2025-08-06T15:03:56.058+00:00" time="0.005">
        </testcase>
        <testcase name="agent_config::tests::utest_agent_config_update_with_args" classname="dot::bin/dot" timestamp="2025-08-06T15:03:56.062+00:00" time="0.005">
        </testcase>
        <testcase name="agent_config::tests::utest_agent_config_update_with_args_certificates_content" classname="dot::bin/dot" timestamp="2025-08-06T15:03:56.063+00:00" time="0.006">
        </testcase>
        <testcase name="agent_config::tests::utest_agent_config_wrong_version" classname="dot::bin/dot" timestamp="2025-08-06T15:03:56.068+00:00" time="0.005">
        </testcase>
        <testcase name="agent_config::tests::utest_default_agent_config" classname="dot::bin/dot" timestamp="2025-08-06T15:03:56.069+00:00" time="0.006">
        </testcase>
        <testcase name="agent_manager::tests::utest_agent_manager_forwards_complete_state" classname="dot::bin/dot" timestamp="2025-08-06T15:03:56.072+00:00" time="0.007">
        </testcase>
        <testcase name="agent_manager::tests::utest_agent_manager_no_update_on_empty_workload_states" classname="dot::bin/dot" timestamp="2025-08-06T15:03:56.074+00:00" time="0.006">
        </testcase>
        <testcase name="agent_manager::tests::utest_agent_manager_receives_own_workload_states" classname="dot::bin/dot" timestamp="2025-08-06T15:03:56.079+00:00" time="0.006">
        </testcase>
        <testcase name="agent_manager::tests::utest_agent_manager_sends_available_resources" classname="dot::bin/dot" timestamp="2025-08-06T15:03:56.080+00:00" time="0.008">
        </testcase>
        <testcase name="agent_manager::tests::utest_agent_manager_update_workload" classname="dot::bin/dot" timestamp="2025-08-06T15:03:56.086+00:00" time="0.007">
        </testcase>
        <testcase name="agent_manager::tests::utest_agent_manager_update_workload_states" classname="dot::bin/dot" timestamp="2025-08-06T15:03:56.088+00:00" time="0.006">
        </testcase>
        <testcase name="control_interface::authorizer::path::tests::utest_from_empty_str" classname="dot::bin/dot" timestamp="2025-08-06T15:03:56.092+00:00" time="0.005">
        </testcase>
        <testcase name="control_interface::authorizer::path::tests::utest_from_str" classname="dot::bin/dot" timestamp="2025-08-06T15:03:56.093+00:00" time="0.005">
        </testcase>
        <testcase name="control_interface::authorizer::path::tests::utest_to_str" classname="dot::bin/dot" timestamp="2025-08-06T15:03:56.098+00:00" time="0.004">
        </testcase>
        <testcase name="control_interface::authorizer::path_pattern::tests::utest_allow_path_pattern" classname="dot::bin/dot" timestamp="2025-08-06T15:03:56.099+00:00" time="0.006">
        </testcase>
        <testcase name="control_interface::authorizer::path_pattern::tests::utest_allow_path_pattern_sections" classname="dot::bin/dot" timestamp="2025-08-06T15:03:56.102+00:00" time="0.005">
        </testcase>
        <testcase name="control_interface::authorizer::path_pattern::tests::utest_allow_path_pattern_with_wildcard" classname="dot::bin/dot" timestamp="2025-08-06T15:03:56.105+00:00" time="0.006">
        </testcase>
        <testcase name="control_interface::authorizer::path_pattern::tests::utest_allow_path_pattern_with_wildcard_only" classname="dot::bin/dot" timestamp="2025-08-06T15:03:56.107+00:00" time="0.005">
        </testcase>
        <testcase name="control_interface::authorizer::path_pattern::tests::utest_deny_path_pattern" classname="dot::bin/dot" timestamp="2025-08-06T15:03:56.110+00:00" time="0.006">
        </testcase>
        <testcase name="control_interface::authorizer::path_pattern::tests::utest_deny_path_pattern_sections" classname="dot::bin/dot" timestamp="2025-08-06T15:03:56.113+00:00" time="0.005">
        </testcase>
        <testcase name="control_interface::authorizer::path_pattern::tests::utest_deny_path_pattern_with_wildcard" classname="dot::bin/dot" timestamp="2025-08-06T15:03:56.116+00:00" time="0.006">
        </testcase>
        <testcase name="control_interface::authorizer::path_pattern::tests::utest_deny_path_pattern_with_wildcard_only" classname="dot::bin/dot" timestamp="2025-08-06T15:03:56.118+00:00" time="0.005">
        </testcase>
        <testcase name="control_interface::authorizer::path_pattern::tests::utest_empty_allow_path_pattern_does_not_match" classname="dot::bin/dot" timestamp="2025-08-06T15:03:56.122+00:00" time="0.005">
        </testcase>
        <testcase name="control_interface::authorizer::path_pattern::tests::utest_empty_deny_path_pattern_does_not_match" classname="dot::bin/dot" timestamp="2025-08-06T15:03:56.122+00:00" time="0.005">
        </testcase>
        <testcase name="control_interface::authorizer::path_pattern::tests::utest_matches_none_in_vec_path_pattern" classname="dot::bin/dot" timestamp="2025-08-06T15:03:56.127+00:00" time="0.004">
        </testcase>
        <testcase name="control_interface::authorizer::path_pattern::tests::utest_empty_vec_path_pattern" classname="dot::bin/dot" timestamp="2025-08-06T15:03:56.127+00:00" time="0.005">
        </testcase>
        <testcase name="control_interface::authorizer::path_pattern::tests::utest_matches_one_in_vec_path_pattern" classname="dot::bin/dot" timestamp="2025-08-06T15:03:56.132+00:00" time="0.005">
        </testcase>
        <testcase name="control_interface::authorizer::rule::test::utest_empty_rule" classname="dot::bin/dot" timestamp="2025-08-06T15:03:56.132+00:00" time="0.005">
        </testcase>
        <testcase name="control_interface::authorizer::rule::test::utest_matches_none_pattern_in_rule" classname="dot::bin/dot" timestamp="2025-08-06T15:03:56.136+00:00" time="0.005">
        </testcase>
        <testcase name="control_interface::authorizer::rule::test::utest_matches_on_pattern_in_rule" classname="dot::bin/dot" timestamp="2025-08-06T15:03:56.138+00:00" time="0.005">
        </testcase>
        <testcase name="control_interface::authorizer::test::utest_allow_empty_request" classname="dot::bin/dot" timestamp="2025-08-06T15:03:56.141+00:00" time="0.005">
        </testcase>
        <testcase name="control_interface::authorizer::test::utest_authorizer_from_control_interface_access" classname="dot::bin/dot" timestamp="2025-08-06T15:03:56.143+00:00" time="0.005">
        </testcase>
        <testcase name="control_interface::authorizer::test::utest_denies_empty_request" classname="dot::bin/dot" timestamp="2025-08-06T15:03:56.146+00:00" time="0.005">
        </testcase>
        <testcase name="control_interface::authorizer::test::utest_matches_all_filter_entries" classname="dot::bin/dot" timestamp="2025-08-06T15:03:56.148+00:00" time="0.006">
        </testcase>
        <testcase name="control_interface::authorizer::test::utest_matches_not_all_filter_entries" classname="dot::bin/dot" timestamp="2025-08-06T15:03:56.151+00:00" time="0.005">
        </testcase>
        <testcase name="control_interface::authorizer::test::utest_read_requests_operations" classname="dot::bin/dot" timestamp="2025-08-06T15:03:56.154+00:00" time="0.005">
        </testcase>
        <testcase name="control_interface::authorizer::test::utest_write_requests_operations" classname="dot::bin/dot" timestamp="2025-08-06T15:03:56.156+00:00" time="0.006">
        </testcase>
        <testcase name="control_interface::control_interface_info::tests::utest_get_run_folder" classname="dot::bin/dot" timestamp="2025-08-06T15:03:56.159+00:00" time="0.005">
        </testcase>
        <testcase name="control_interface::control_interface_info::tests::utest_get_to_server_sender" classname="dot::bin/dot" timestamp="2025-08-06T15:03:56.162+00:00" time="0.005">
        </testcase>
        <testcase name="control_interface::control_interface_info::tests::utest_has_same_configuration_true" classname="dot::bin/dot" timestamp="2025-08-06T15:03:56.164+00:00" time="0.005">
        </testcase>
        <testcase name="control_interface::control_interface_info::tests::utest_has_same_configuration_with_different_authorizer_returns_false" classname="dot::bin/dot" timestamp="2025-08-06T15:03:56.166+00:00" time="0.006">
        </testcase>
        <testcase name="control_interface::control_interface_info::tests::utest_has_same_configuration_with_different_location_returns_false" classname="dot::bin/dot" timestamp="2025-08-06T15:03:56.169+00:00" time="0.005">
        </testcase>
        <testcase name="control_interface::control_interface_info::tests::utest_new" classname="dot::bin/dot" timestamp="2025-08-06T15:03:56.172+00:00" time="0.006">
        </testcase>
        <testcase name="control_interface::control_interface_task::tests::utest_control_interface_task_forward_from_server" classname="dot::bin/dot" timestamp="2025-08-06T15:03:56.174+00:00" time="0.005">
        </testcase>
        <testcase name="control_interface::control_interface_task::tests::utest_control_interface_task_run_task_access_allowed" classname="dot::bin/dot" timestamp="2025-08-06T15:03:56.178+00:00" time="0.006">
        </testcase>
        <testcase name="control_interface::control_interface_task::tests::utest_control_interface_task_run_task_access_denied" classname="dot::bin/dot" timestamp="2025-08-06T15:03:56.180+00:00" time="0.005">
        </testcase>
        <testcase name="control_interface::control_interface_task::tests::utest_control_interface_task_run_task_no_hello" classname="dot::bin/dot" timestamp="2025-08-06T15:03:56.185+00:00" time="0.005">
        </testcase>
        <testcase name="control_interface::control_interface_task::tests::utest_control_interface_task_run_task_hello_unsupported_version" classname="dot::bin/dot" timestamp="2025-08-06T15:03:56.184+00:00" time="0.006">
        </testcase>
        <testcase name="control_interface::fifo::tests::utest_fifo_drop_remove_failed" classname="dot::bin/dot" timestamp="2025-08-06T15:03:56.190+00:00" time="0.005">
        </testcase>
        <testcase name="control_interface::fifo::tests::utest_fifo_get_path" classname="dot::bin/dot" timestamp="2025-08-06T15:03:56.191+00:00" time="0.006">
        </testcase>
        <testcase name="control_interface::fifo::tests::utest_fifo_new_create_and_remove_ok" classname="dot::bin/dot" timestamp="2025-08-06T15:03:56.195+00:00" time="0.005">
        </testcase>
        <testcase name="control_interface::fifo::tests::utest_fifo_new_create_failed" classname="dot::bin/dot" timestamp="2025-08-06T15:03:56.197+00:00" time="0.005">
        </testcase>
        <testcase name="control_interface::fifo::tests::utest_fifo_reuse_existing_and_remove_ok" classname="dot::bin/dot" timestamp="2025-08-06T15:03:56.200+00:00" time="0.005">
        </testcase>
        <testcase name="control_interface::from_server_channels::tests::utest_from_server_channels_new" classname="dot::bin/dot" timestamp="2025-08-06T15:03:56.202+00:00" time="0.005">
        </testcase>
        <testcase name="control_interface::input_output::tests::utest_input_output_new_ok" classname="dot::bin/dot" timestamp="2025-08-06T15:03:56.206+00:00" time="0.005">
        </testcase>
        <testcase name="control_interface::reopen_file::tests::test_read_cannot_open" classname="dot::bin/dot" timestamp="2025-08-06T15:03:56.207+00:00" time="0.006">
        </testcase>
        <testcase name="control_interface::reopen_file::tests::test_read_cannot_read" classname="dot::bin/dot" timestamp="2025-08-06T15:03:56.211+00:00" time="0.006">
        </testcase>
        <testcase name="control_interface::reopen_file::tests::test_read_empty" classname="dot::bin/dot" timestamp="2025-08-06T15:03:56.213+00:00" time="0.007">
        </testcase>
        <testcase name="control_interface::reopen_file::tests::test_read_with_1byte_varint" classname="dot::bin/dot" timestamp="2025-08-06T15:03:56.217+00:00" time="0.007">
        </testcase>
        <testcase name="control_interface::reopen_file::tests::test_read_with_2byte_varint" classname="dot::bin/dot" timestamp="2025-08-06T15:03:56.220+00:00" time="0.007">
        </testcase>
        <testcase name="control_interface::reopen_file::tests::test_read_with_incorrect_varint" classname="dot::bin/dot" timestamp="2025-08-06T15:03:56.224+00:00" time="0.007">
        </testcase>
        <testcase name="control_interface::reopen_file::tests::test_read_with_too_less_data" classname="dot::bin/dot" timestamp="2025-08-06T15:03:56.227+00:00" time="0.057">
        </testcase>
        <testcase name="control_interface::reopen_file::tests::test_read_with_too_less_varint" classname="dot::bin/dot" timestamp="2025-08-06T15:03:56.231+00:00" time="0.056">
        </testcase>
        <testcase name="control_interface::reopen_file::tests::test_write_cannot_open" classname="dot::bin/dot" timestamp="2025-08-06T15:03:56.284+00:00" time="0.006">
        </testcase>
        <testcase name="control_interface::reopen_file::tests::test_write_empty" classname="dot::bin/dot" timestamp="2025-08-06T15:03:56.287+00:00" time="0.007">
        </testcase>
        <testcase name="control_interface::reopen_file::tests::test_write_reopen" classname="dot::bin/dot" timestamp="2025-08-06T15:03:56.290+00:00" time="0.008">
        </testcase>
        <testcase name="control_interface::tests::utest_control_interface_get_api_location_returns_valid_location" classname="dot::bin/dot" timestamp="2025-08-06T15:03:56.294+00:00" time="0.006">
        </testcase>
        <testcase name="control_interface::tests::utest_get_input_pipe_sender_returns_valid_sender" classname="dot::bin/dot" timestamp="2025-08-06T15:03:56.298+00:00" time="0.006">
        </testcase>
        <testcase name="control_interface::to_dots::tests::utest_convert_control_interface_proto_to_dots_object" classname="dot::bin/dot" timestamp="2025-08-06T15:03:56.300+00:00" time="0.005">
        </testcase>
        <testcase name="io_utils::dir_utils::tests::utest_arguments_prepare_agent_run_directory_given_directory_not_found" classname="dot::bin/dot" timestamp="2025-08-06T15:03:56.305+00:00" time="0.005">
        </testcase>
        <testcase name="io_utils::dir_utils::tests::utest_arguments_prepare_agent_run_directory_use_default_directory_create" classname="dot::bin/dot" timestamp="2025-08-06T15:03:56.310+00:00" time="0.004">
        </testcase>
        <testcase name="io_utils::dir_utils::tests::utest_arguments_prepare_agent_run_directory_use_default_directory_create_fails" classname="dot::bin/dot" timestamp="2025-08-06T15:03:56.313+00:00" time="0.003">
        </testcase>
        <testcase name="io_utils::dir_utils::tests::utest_arguments_prepare_agent_run_directory_use_default_directory_create_permissions_fail" classname="dot::bin/dot" timestamp="2025-08-06T15:03:56.317+00:00" time="0.004">
        </testcase>
        <testcase name="io_utils::dir_utils::tests::utest_arguments_prepare_agent_run_directory_use_default_directory_exists" classname="dot::bin/dot" timestamp="2025-08-06T15:03:56.321+00:00" time="0.004">
        </testcase>
        <testcase name="io_utils::directory::tests::utest_directory_new_failed" classname="dot::bin/dot" timestamp="2025-08-06T15:03:56.324+00:00" time="0.004">
        </testcase>
        <testcase name="io_utils::directory::tests::utest_directory_new_ok_and_get_path_valid" classname="dot::bin/dot" timestamp="2025-08-06T15:03:56.328+00:00" time="0.004">
        </testcase>
        <testcase name="io_utils::directory::tests::utest_directory_new_remove_failed" classname="dot::bin/dot" timestamp="2025-08-06T15:03:56.331+00:00" time="0.003">
        </testcase>
        <testcase name="io_utils::fs::tests::utest_filesystem_is_fifo_nok" classname="dot::bin/dot" timestamp="2025-08-06T15:03:56.335+00:00" time="0.003">
        </testcase>
        <testcase name="io_utils::fs::tests::utest_filesystem_is_fifo_ok_false" classname="dot::bin/dot" timestamp="2025-08-06T15:03:56.338+00:00" time="0.003">
        </testcase>
        <testcase name="io_utils::fs::tests::utest_filesystem_is_fifo_ok_true" classname="dot::bin/dot" timestamp="2025-08-06T15:03:56.341+00:00" time="0.003">
        </testcase>
        <testcase name="io_utils::fs::tests::utest_filesystem_make_dir_failed" classname="dot::bin/dot" timestamp="2025-08-06T15:03:56.345+00:00" time="0.003">
        </testcase>
        <testcase name="io_utils::fs::tests::utest_filesystem_make_dir_ok" classname="dot::bin/dot" timestamp="2025-08-06T15:03:56.348+00:00" time="0.003">
        </testcase>
        <testcase name="io_utils::fs::tests::utest_filesystem_make_fifo_failed" classname="dot::bin/dot" timestamp="2025-08-06T15:03:56.351+00:00" time="0.003">
        </testcase>
        <testcase name="io_utils::fs::tests::utest_filesystem_make_fifo_ok" classname="dot::bin/dot" timestamp="2025-08-06T15:03:56.354+00:00" time="0.003">
        </testcase>
        <testcase name="io_utils::fs::tests::utest_filesystem_remove_dir_async_fails_with_generic_reason" classname="dot::bin/dot" timestamp="2025-08-06T15:03:56.358+00:00" time="0.004">
        </testcase>
        <testcase name="io_utils::fs::tests::utest_filesystem_remove_dir_async_fails_with_path_not_found" classname="dot::bin/dot" timestamp="2025-08-06T15:03:56.361+00:00" time="0.004">
        </testcase>
        <testcase name="io_utils::fs::tests::utest_filesystem_remove_dir_async_ok" classname="dot::bin/dot" timestamp="2025-08-06T15:03:56.365+00:00" time="0.004">
        </testcase>
        <testcase name="io_utils::fs::tests::utest_filesystem_remove_dir_failed" classname="dot::bin/dot" timestamp="2025-08-06T15:03:56.368+00:00" time="0.003">
        </testcase>
        <testcase name="io_utils::fs::tests::utest_filesystem_remove_dir_ok" classname="dot::bin/dot" timestamp="2025-08-06T15:03:56.371+00:00" time="0.003">
        </testcase>
        <testcase name="io_utils::fs::tests::utest_filesystem_remove_fifo_failed" classname="dot::bin/dot" timestamp="2025-08-06T15:03:56.375+00:00" time="0.003">
        </testcase>
        <testcase name="io_utils::fs::tests::utest_filesystem_remove_fifo_ok" classname="dot::bin/dot" timestamp="2025-08-06T15:03:56.378+00:00" time="0.003">
        </testcase>
        <testcase name="io_utils::fs::tests::utest_set_permissions_failed" classname="dot::bin/dot" timestamp="2025-08-06T15:03:56.382+00:00" time="0.003">
        </testcase>
        <testcase name="io_utils::fs::tests::utest_set_permissions_ok" classname="dot::bin/dot" timestamp="2025-08-06T15:03:56.385+00:00" time="0.003">
        </testcase>
        <testcase name="io_utils::fs::tests::utest_write_file_async_fails" classname="dot::bin/dot" timestamp="2025-08-06T15:03:56.388+00:00" time="0.004">
        </testcase>
        <testcase name="io_utils::fs::tests::utest_write_file_async_ok" classname="dot::bin/dot" timestamp="2025-08-06T15:03:56.392+00:00" time="0.004">
        </testcase>
        <testcase name="runtime_connectors::cli_command::tests::utest_cli_command_fail_on_not_existing_command" classname="dot::bin/dot" timestamp="2025-08-06T15:03:56.396+00:00" time="0.004">
        </testcase>
        <testcase name="runtime_connectors::cli_command::tests::utest_cli_command_on_fail_only_forward_stderr" classname="dot::bin/dot" timestamp="2025-08-06T15:03:56.400+00:00" time="0.009">
        </testcase>
        <testcase name="runtime_connectors::cli_command::tests::utest_cli_command_only_forward_stdout" classname="dot::bin/dot" timestamp="2025-08-06T15:03:56.409+00:00" time="0.005">
        </testcase>
        <testcase name="runtime_connectors::cli_command::tests::utest_cli_command_simple_input_output" classname="dot::bin/dot" timestamp="2025-08-06T15:03:56.414+00:00" time="0.005">
        </testcase>
        <testcase name="runtime_connectors::cli_command::tests::utest_cli_command_simple_output" classname="dot::bin/dot" timestamp="2025-08-06T15:03:56.419+00:00" time="0.005">
        </testcase>
        <testcase name="runtime_connectors::cli_command::tests::utest_cli_command_simple_output_multiple_args" classname="dot::bin/dot" timestamp="2025-08-06T15:03:56.424+00:00" time="0.005">
        </testcase>
        <testcase name="runtime_connectors::cli_command::tests::utest_cli_command_stderr_not_utf8" classname="dot::bin/dot" timestamp="2025-08-06T15:03:56.428+00:00" time="0.006">
        </testcase>
        <testcase name="runtime_connectors::cli_command::tests::utest_cli_command_stdout_not_utf8" classname="dot::bin/dot" timestamp="2025-08-06T15:03:56.435+00:00" time="0.006">
        </testcase>
        <testcase name="runtime_connectors::podman::podman_runtime::tests::utest_create_workload_parsing_failed" classname="dot::bin/dot" timestamp="2025-08-06T15:03:56.441+00:00" time="0.004">
        </testcase>
        <testcase name="runtime_connectors::podman::podman_runtime::tests::utest_create_workload_run_failed_cleanup_failed" classname="dot::bin/dot" timestamp="2025-08-06T15:03:56.445+00:00" time="0.004">
        </testcase>
        <testcase name="runtime_connectors::podman::podman_runtime::tests::utest_create_workload_run_failed_cleanup_success" classname="dot::bin/dot" timestamp="2025-08-06T15:03:56.449+00:00" time="0.004">
        </testcase>
        <testcase name="runtime_connectors::podman::podman_runtime::tests::utest_create_workload_success" classname="dot::bin/dot" timestamp="2025-08-06T15:03:56.453+00:00" time="0.004">
        </testcase>
        <testcase name="runtime_connectors::podman::podman_runtime::tests::utest_create_workload_with_existing_workload_id_success" classname="dot::bin/dot" timestamp="2025-08-06T15:03:56.458+00:00" time="0.004">
        </testcase>
        <testcase name="runtime_connectors::podman::podman_runtime::tests::utest_delete_workload_fails" classname="dot::bin/dot" timestamp="2025-08-06T15:03:56.462+00:00" time="0.004">
        </testcase>
        <testcase name="runtime_connectors::podman::podman_runtime::tests::utest_delete_workload_succeeds" classname="dot::bin/dot" timestamp="2025-08-06T15:03:56.465+00:00" time="0.004">
        </testcase>
        <testcase name="runtime_connectors::podman::podman_runtime::tests::utest_get_reusable_running_workloads_empty_list" classname="dot::bin/dot" timestamp="2025-08-06T15:03:56.469+00:00" time="0.004">
        </testcase>
        <testcase name="runtime_connectors::podman::podman_runtime::tests::utest_get_reusable_running_workloads_failed" classname="dot::bin/dot" timestamp="2025-08-06T15:03:56.473+00:00" time="0.004">
        </testcase>
        <testcase name="runtime_connectors::podman::podman_runtime::tests::utest_get_reusable_workloads_success" classname="dot::bin/dot" timestamp="2025-08-06T15:03:56.477+00:00" time="0.004">
        </testcase>
        <testcase name="runtime_connectors::podman::podman_runtime::tests::utest_get_state_returns_error" classname="dot::bin/dot" timestamp="2025-08-06T15:03:56.480+00:00" time="0.004">
        </testcase>
        <testcase name="runtime_connectors::podman::podman_runtime::tests::utest_get_state_returns_lost_on_missing_state" classname="dot::bin/dot" timestamp="2025-08-06T15:03:56.484+00:00" time="0.004">
        </testcase>
        <testcase name="runtime_connectors::podman::podman_runtime::tests::utest_get_state_returns_state" classname="dot::bin/dot" timestamp="2025-08-06T15:03:56.488+00:00" time="0.004">
        </testcase>
        <testcase name="runtime_connectors::podman::podman_runtime::tests::utest_get_workload_id_failed" classname="dot::bin/dot" timestamp="2025-08-06T15:03:56.492+00:00" time="0.004">
        </testcase>
        <testcase name="runtime_connectors::podman::podman_runtime::tests::utest_get_workload_id_no_workload_found" classname="dot::bin/dot" timestamp="2025-08-06T15:03:56.495+00:00" time="0.004">
        </testcase>
        <testcase name="runtime_connectors::podman::podman_runtime::tests::utest_get_workload_id_workload_found" classname="dot::bin/dot" timestamp="2025-08-06T15:03:56.499+00:00" time="0.004">
        </testcase>
        <testcase name="runtime_connectors::podman::podman_runtime::tests::utest_name_podman" classname="dot::bin/dot" timestamp="2025-08-06T15:03:56.503+00:00" time="0.003">
        </testcase>
        <testcase name="runtime_connectors::podman::podman_runtime::tests::utest_state_getter_resets_cache" classname="dot::bin/dot" timestamp="2025-08-06T15:03:56.506+00:00" time="0.005">
        </testcase>
        <testcase name="runtime_connectors::podman::podman_runtime::tests::utest_state_getter_uses_podman_cli" classname="dot::bin/dot" timestamp="2025-08-06T15:03:56.512+00:00" time="0.004">
        </testcase>
        <testcase name="runtime_connectors::podman::podman_runtime_config::tests::utest_podman_config_failure_missing_image" classname="dot::bin/dot" timestamp="2025-08-06T15:03:56.515+00:00" time="0.004">
        </testcase>
        <testcase name="runtime_connectors::podman::podman_runtime_config::tests::utest_podman_config_failure_wrong_runtime" classname="dot::bin/dot" timestamp="2025-08-06T15:03:56.519+00:00" time="0.003">
        </testcase>
        <testcase name="runtime_connectors::podman::podman_runtime_config::tests::utest_podman_config_success" classname="dot::bin/dot" timestamp="2025-08-06T15:03:56.522+00:00" time="0.003">
        </testcase>
        <testcase name="runtime_connectors::podman::podman_runtime_config::tests::utest_podman_config_to_podman_run_config" classname="dot::bin/dot" timestamp="2025-08-06T15:03:56.526+00:00" time="0.003">
        </testcase>
        <testcase name="runtime_connectors::podman_cli::tests::utest_container_state_from_podman_container_info_configured" classname="dot::bin/dot" timestamp="2025-08-06T15:03:56.529+00:00" time="0.003">
        </testcase>
        <testcase name="runtime_connectors::podman_cli::tests::utest_container_state_from_podman_container_info_created" classname="dot::bin/dot" timestamp="2025-08-06T15:03:56.532+00:00" time="0.003">
        </testcase>
        <testcase name="runtime_connectors::podman_cli::tests::utest_container_state_from_podman_container_info_exited" classname="dot::bin/dot" timestamp="2025-08-06T15:03:56.536+00:00" time="0.003">
        </testcase>
        <testcase name="runtime_connectors::podman_cli::tests::utest_container_state_from_podman_container_info_initialized" classname="dot::bin/dot" timestamp="2025-08-06T15:03:56.539+00:00" time="0.003">
        </testcase>
        <testcase name="runtime_connectors::podman_cli::tests::utest_container_state_from_podman_container_info_paused" classname="dot::bin/dot" timestamp="2025-08-06T15:03:56.542+00:00" time="0.003">
        </testcase>
        <testcase name="runtime_connectors::podman_cli::tests::utest_container_state_from_podman_container_info_removing" classname="dot::bin/dot" timestamp="2025-08-06T15:03:56.545+00:00" time="0.003">
        </testcase>
        <testcase name="runtime_connectors::podman_cli::tests::utest_container_state_from_podman_container_info_running" classname="dot::bin/dot" timestamp="2025-08-06T15:03:56.549+00:00" time="0.003">
        </testcase>
        <testcase name="runtime_connectors::podman_cli::tests::utest_container_state_from_podman_container_info_stopped" classname="dot::bin/dot" timestamp="2025-08-06T15:03:56.552+00:00" time="0.003">
        </testcase>
        <testcase name="runtime_connectors::podman_cli::tests::utest_container_state_from_podman_container_info_stopping" classname="dot::bin/dot" timestamp="2025-08-06T15:03:56.555+00:00" time="0.003">
        </testcase>
        <testcase name="runtime_connectors::podman_cli::tests::utest_container_state_from_podman_container_info_undefined" classname="dot::bin/dot" timestamp="2025-08-06T15:03:56.558+00:00" time="0.003">
        </testcase>
        <testcase name="runtime_connectors::podman_cli::tests::utest_container_state_from_podman_container_info_unknown" classname="dot::bin/dot" timestamp="2025-08-06T15:03:56.561+00:00" time="0.003">
        </testcase>
        <testcase name="runtime_connectors::podman_cli::tests::utest_down_kube_fail" classname="dot::bin/dot" timestamp="2025-08-06T15:03:56.565+00:00" time="0.004">
        </testcase>
        <testcase name="runtime_connectors::podman_cli::tests::utest_down_kube_success" classname="dot::bin/dot" timestamp="2025-08-06T15:03:56.569+00:00" time="0.004">
        </testcase>
        <testcase name="runtime_connectors::podman_cli::tests::utest_list_states_by_id_broken_response_retry_failed" classname="dot::bin/dot" timestamp="2025-08-06T15:03:56.572+00:00" time="0.004">
        </testcase>
        <testcase name="runtime_connectors::podman_cli::tests::utest_list_states_by_id_broken_response_retry_success" classname="dot::bin/dot" timestamp="2025-08-06T15:03:56.576+00:00" time="0.004">
        </testcase>
        <testcase name="runtime_connectors::podman_cli::tests::utest_list_states_by_id_configured" classname="dot::bin/dot" timestamp="2025-08-06T15:03:56.580+00:00" time="0.004">
        </testcase>
        <testcase name="runtime_connectors::podman_cli::tests::utest_list_states_by_id_created" classname="dot::bin/dot" timestamp="2025-08-06T15:03:56.584+00:00" time="0.004">
        </testcase>
        <testcase name="runtime_connectors::podman_cli::tests::utest_list_states_by_id_failed" classname="dot::bin/dot" timestamp="2025-08-06T15:03:56.588+00:00" time="0.004">
        </testcase>
        <testcase name="runtime_connectors::podman_cli::tests::utest_list_states_by_id_initialized" classname="dot::bin/dot" timestamp="2025-08-06T15:03:56.592+00:00" time="0.004">
        </testcase>
        <testcase name="runtime_connectors::podman_cli::tests::utest_list_states_by_id_podman_error_retry_failed" classname="dot::bin/dot" timestamp="2025-08-06T15:03:56.596+00:00" time="0.004">
        </testcase>
        <testcase name="runtime_connectors::podman_cli::tests::utest_list_states_by_id_podman_error_retry_success" classname="dot::bin/dot" timestamp="2025-08-06T15:03:56.599+00:00" time="0.004">
        </testcase>
        <testcase name="runtime_connectors::podman_cli::tests::utest_list_states_by_id_podman_existing_ps_result_to_old" classname="dot::bin/dot" timestamp="2025-08-06T15:03:56.603+00:00" time="0.004">
        </testcase>
        <testcase name="runtime_connectors::podman_cli::tests::utest_list_states_by_id_podman_use_existing_ps_result" classname="dot::bin/dot" timestamp="2025-08-06T15:03:56.607+00:00" time="0.004">
        </testcase>
        <testcase name="runtime_connectors::podman_cli::tests::utest_list_states_by_id_removing" classname="dot::bin/dot" timestamp="2025-08-06T15:03:56.611+00:00" time="0.004">
        </testcase>
        <testcase name="runtime_connectors::podman_cli::tests::utest_list_states_by_id_running" classname="dot::bin/dot" timestamp="2025-08-06T15:03:56.615+00:00" time="0.004">
        </testcase>
        <testcase name="runtime_connectors::podman_cli::tests::utest_list_states_by_id_stopped" classname="dot::bin/dot" timestamp="2025-08-06T15:03:56.618+00:00" time="0.004">
        </testcase>
        <testcase name="runtime_connectors::podman_cli::tests::utest_list_states_by_id_stopping" classname="dot::bin/dot" timestamp="2025-08-06T15:03:56.622+00:00" time="0.004">
        </testcase>
        <testcase name="runtime_connectors::podman_cli::tests::utest_list_states_by_id_succeeded" classname="dot::bin/dot" timestamp="2025-08-06T15:03:56.626+00:00" time="0.004">
        </testcase>
        <testcase name="runtime_connectors::podman_cli::tests::utest_list_states_by_id_undefined" classname="dot::bin/dot" timestamp="2025-08-06T15:03:56.630+00:00" time="0.004">
        </testcase>
        <testcase name="runtime_connectors::podman_cli::tests::utest_list_states_by_id_unknown" classname="dot::bin/dot" timestamp="2025-08-06T15:03:56.634+00:00" time="0.004">
        </testcase>
        <testcase name="runtime_connectors::podman_cli::tests::utest_list_states_from_pods_command_fails_retry_fails" classname="dot::bin/dot" timestamp="2025-08-06T15:03:56.638+00:00" time="0.004">
        </testcase>
        <testcase name="runtime_connectors::podman_cli::tests::utest_list_states_from_pods_command_fails_retry_succeeds" classname="dot::bin/dot" timestamp="2025-08-06T15:03:56.641+00:00" time="0.004">
        </testcase>
        <testcase name="runtime_connectors::podman_cli::tests::utest_list_states_from_pods_empty_input" classname="dot::bin/dot" timestamp="2025-08-06T15:03:56.645+00:00" time="0.004">
        </testcase>
        <testcase name="runtime_connectors::podman_cli::tests::utest_list_states_from_pods_result_not_json_retry_fails" classname="dot::bin/dot" timestamp="2025-08-06T15:03:56.649+00:00" time="0.004">
        </testcase>
        <testcase name="runtime_connectors::podman_cli::tests::utest_list_states_from_pods_result_not_json_retry_succeeds" classname="dot::bin/dot" timestamp="2025-08-06T15:03:56.653+00:00" time="0.004">
        </testcase>
        <testcase name="runtime_connectors::podman_cli::tests::utest_list_states_from_pods_some_missing_leads_to_unknown" classname="dot::bin/dot" timestamp="2025-08-06T15:03:56.657+00:00" time="0.004">
        </testcase>
        <testcase name="runtime_connectors::podman_cli::tests::utest_list_states_from_pods_success" classname="dot::bin/dot" timestamp="2025-08-06T15:03:56.661+00:00" time="0.004">
        </testcase>
        <testcase name="runtime_connectors::podman_cli::tests::utest_list_states_uses_cache" classname="dot::bin/dot" timestamp="2025-08-06T15:03:56.665+00:00" time="0.004">
        </testcase>
        <testcase name="runtime_connectors::podman_cli::tests::utest_list_volumes_by_name_command_fails" classname="dot::bin/dot" timestamp="2025-08-06T15:03:56.668+00:00" time="0.004">
        </testcase>
        <testcase name="runtime_connectors::podman_cli::tests::utest_list_volumes_by_name_success" classname="dot::bin/dot" timestamp="2025-08-06T15:03:56.672+00:00" time="0.004">
        </testcase>
        <testcase name="runtime_connectors::podman_cli::tests::utest_list_workload_ids_broken_response" classname="dot::bin/dot" timestamp="2025-08-06T15:03:56.676+00:00" time="0.004">
        </testcase>
        <testcase name="runtime_connectors::podman_cli::tests::utest_list_workload_ids_fail" classname="dot::bin/dot" timestamp="2025-08-06T15:03:56.680+00:00" time="0.004">
        </testcase>
        <testcase name="runtime_connectors::podman_cli::tests::utest_list_workload_ids_success" classname="dot::bin/dot" timestamp="2025-08-06T15:03:56.684+00:00" time="0.004">
        </testcase>
        <testcase name="runtime_connectors::podman_cli::tests::utest_list_workload_names_broken_response" classname="dot::bin/dot" timestamp="2025-08-06T15:03:56.687+00:00" time="0.004">
        </testcase>
        <testcase name="runtime_connectors::podman_cli::tests::utest_list_workload_names_not_found_success" classname="dot::bin/dot" timestamp="2025-08-06T15:03:56.691+00:00" time="0.004">
        </testcase>
        <testcase name="runtime_connectors::podman_cli::tests::utest_list_workload_names_podman_error" classname="dot::bin/dot" timestamp="2025-08-06T15:03:56.696+00:00" time="0.004">
        </testcase>
        <testcase name="runtime_connectors::podman_cli::tests::utest_list_workload_names_success" classname="dot::bin/dot" timestamp="2025-08-06T15:03:56.699+00:00" time="0.004">
        </testcase>
        <testcase name="runtime_connectors::podman_cli::tests::utest_play_kube_fail" classname="dot::bin/dot" timestamp="2025-08-06T15:03:56.703+00:00" time="0.004">
        </testcase>
        <testcase name="runtime_connectors::podman_cli::tests::utest_play_kube_success" classname="dot::bin/dot" timestamp="2025-08-06T15:03:56.708+00:00" time="0.004">
        </testcase>
        <testcase name="runtime_connectors::podman_cli::tests::utest_read_data_from_volume_command_fails" classname="dot::bin/dot" timestamp="2025-08-06T15:03:56.712+00:00" time="0.004">
        </testcase>
        <testcase name="runtime_connectors::podman_cli::tests::utest_read_data_from_volume_command_returns_illegal_json" classname="dot::bin/dot" timestamp="2025-08-06T15:03:56.715+00:00" time="0.004">
        </testcase>
        <testcase name="runtime_connectors::podman_cli::tests::utest_read_data_from_volume_command_returns_no_volume" classname="dot::bin/dot" timestamp="2025-08-06T15:03:56.719+00:00" time="0.004">
        </testcase>
        <testcase name="runtime_connectors::podman_cli::tests::utest_read_data_from_volume_data_contains_illegal_base64" classname="dot::bin/dot" timestamp="2025-08-06T15:03:56.723+00:00" time="0.004">
        </testcase>
        <testcase name="runtime_connectors::podman_cli::tests::utest_read_data_from_volume_data_contains_illegal_utf8" classname="dot::bin/dot" timestamp="2025-08-06T15:03:56.727+00:00" time="0.004">
        </testcase>
        <testcase name="runtime_connectors::podman_cli::tests::utest_read_data_from_volume_success" classname="dot::bin/dot" timestamp="2025-08-06T15:03:56.731+00:00" time="0.004">
        </testcase>
        <testcase name="runtime_connectors::podman_cli::tests::utest_remove_volume_command_fails" classname="dot::bin/dot" timestamp="2025-08-06T15:03:56.735+00:00" time="0.004">
        </testcase>
        <testcase name="runtime_connectors::podman_cli::tests::utest_remove_volume_success" classname="dot::bin/dot" timestamp="2025-08-06T15:03:56.738+00:00" time="0.004">
        </testcase>
        <testcase name="runtime_connectors::podman_cli::tests::utest_remove_workloads_by_id_remove_failed" classname="dot::bin/dot" timestamp="2025-08-06T15:03:56.742+00:00" time="0.004">
        </testcase>
        <testcase name="runtime_connectors::podman_cli::tests::utest_remove_workloads_by_id_stop_failed" classname="dot::bin/dot" timestamp="2025-08-06T15:03:56.746+00:00" time="0.004">
        </testcase>
        <testcase name="runtime_connectors::podman_cli::tests::utest_remove_workloads_by_id_success" classname="dot::bin/dot" timestamp="2025-08-06T15:03:56.750+00:00" time="0.004">
        </testcase>
        <testcase name="runtime_connectors::podman_cli::tests::utest_run_container_fail_no_options" classname="dot::bin/dot" timestamp="2025-08-06T15:03:56.754+00:00" time="0.004">
        </testcase>
        <testcase name="runtime_connectors::podman_cli::tests::utest_run_container_success_no_options" classname="dot::bin/dot" timestamp="2025-08-06T15:03:56.757+00:00" time="0.004">
        </testcase>
        <testcase name="runtime_connectors::podman_cli::tests::utest_run_container_success_with_options" classname="dot::bin/dot" timestamp="2025-08-06T15:03:56.761+00:00" time="0.004">
        </testcase>
        <testcase name="runtime_connectors::podman_cli::tests::utest_start_container_fail" classname="dot::bin/dot" timestamp="2025-08-06T15:03:56.765+00:00" time="0.004">
        </testcase>
        <testcase name="runtime_connectors::podman_cli::tests::utest_start_container_success" classname="dot::bin/dot" timestamp="2025-08-06T15:03:56.769+00:00" time="0.004">
        </testcase>
        <testcase name="runtime_connectors::podman_cli::tests::utest_store_data_as_volume_success_volume_did_not_exist_before" classname="dot::bin/dot" timestamp="2025-08-06T15:03:56.772+00:00" time="0.004">
        </testcase>
        <testcase name="runtime_connectors::podman_cli::tests::utest_store_data_as_volume_success_volume_existed_before" classname="dot::bin/dot" timestamp="2025-08-06T15:03:56.776+00:00" time="0.004">
        </testcase>
        <testcase name="runtime_connectors::podman_kube::podman_kube_runtime::tests::utest_create_workload_command_fails" classname="dot::bin/dot" timestamp="2025-08-06T15:03:56.780+00:00" time="0.004">
        </testcase>
        <testcase name="runtime_connectors::podman_kube::podman_kube_runtime::tests::utest_create_workload_handle_cant_store_config" classname="dot::bin/dot" timestamp="2025-08-06T15:03:56.784+00:00" time="0.004">
        </testcase>
        <testcase name="runtime_connectors::podman_kube::podman_kube_runtime::tests::utest_create_workload_handle_cant_store_pods" classname="dot::bin/dot" timestamp="2025-08-06T15:03:56.789+00:00" time="0.004">
        </testcase>
        <testcase name="runtime_connectors::podman_kube::podman_kube_runtime::tests::utest_create_workload_success" classname="dot::bin/dot" timestamp="2025-08-06T15:03:56.793+00:00" time="0.005">
        </testcase>
        <testcase name="runtime_connectors::podman_kube::podman_kube_runtime::tests::utest_create_workload_unsupported_workload_files_error" classname="dot::bin/dot" timestamp="2025-08-06T15:03:56.798+00:00" time="0.004">
        </testcase>
        <testcase name="runtime_connectors::podman_kube::podman_kube_runtime::tests::utest_delete_workload_fails" classname="dot::bin/dot" timestamp="2025-08-06T15:03:56.802+00:00" time="0.004">
        </testcase>
        <testcase name="runtime_connectors::podman_kube::podman_kube_runtime::tests::utest_delete_workload_handles_remove_volume_fails" classname="dot::bin/dot" timestamp="2025-08-06T15:03:56.806+00:00" time="0.004">
        </testcase>
        <testcase name="runtime_connectors::podman_kube::podman_kube_runtime::tests::utest_delete_workload_success" classname="dot::bin/dot" timestamp="2025-08-06T15:03:56.810+00:00" time="0.004">
        </testcase>
        <testcase name="runtime_connectors::podman_kube::podman_kube_runtime::tests::utest_get_reusable_running_workloads_request_fails" classname="dot::bin/dot" timestamp="2025-08-06T15:03:56.814+00:00" time="0.004">
        </testcase>
        <testcase name="runtime_connectors::podman_kube::podman_kube_runtime::tests::utest_get_reusable_workloads_handles_to_short_volume_name" classname="dot::bin/dot" timestamp="2025-08-06T15:03:56.818+00:00" time="0.004">
        </testcase>
        <testcase name="runtime_connectors::podman_kube::podman_kube_runtime::tests::utest_get_reusable_workloads_one_volume_cant_be_parsed" classname="dot::bin/dot" timestamp="2025-08-06T15:03:56.822+00:00" time="0.004">
        </testcase>
        <testcase name="runtime_connectors::podman_kube::podman_kube_runtime::tests::utest_get_reusable_workloads_success" classname="dot::bin/dot" timestamp="2025-08-06T15:03:56.826+00:00" time="0.004">
        </testcase>
        <testcase name="runtime_connectors::podman_kube::podman_kube_runtime::tests::utest_get_state_failed" classname="dot::bin/dot" timestamp="2025-08-06T15:03:56.830+00:00" time="0.004">
        </testcase>
        <testcase name="runtime_connectors::podman_kube::podman_kube_runtime::tests::utest_get_state_removed" classname="dot::bin/dot" timestamp="2025-08-06T15:03:56.834+00:00" time="0.004">
        </testcase>
        <testcase name="runtime_connectors::podman_kube::podman_kube_runtime::tests::utest_get_state_running" classname="dot::bin/dot" timestamp="2025-08-06T15:03:56.838+00:00" time="0.004">
        </testcase>
        <testcase name="runtime_connectors::podman_kube::podman_kube_runtime::tests::utest_get_state_starting" classname="dot::bin/dot" timestamp="2025-08-06T15:03:56.842+00:00" time="0.004">
        </testcase>
        <testcase name="runtime_connectors::podman_kube::podman_kube_runtime::tests::utest_get_state_succeeded" classname="dot::bin/dot" timestamp="2025-08-06T15:03:56.846+00:00" time="0.004">
        </testcase>
        <testcase name="runtime_connectors::podman_kube::podman_kube_runtime::tests::utest_get_state_unknown" classname="dot::bin/dot" timestamp="2025-08-06T15:03:56.850+00:00" time="0.004">
        </testcase>
        <testcase name="runtime_connectors::podman_kube::podman_kube_runtime::tests::utest_get_state_unknown_as_command_fails" classname="dot::bin/dot" timestamp="2025-08-06T15:03:56.853+00:00" time="0.004">
        </testcase>
        <testcase name="runtime_connectors::podman_kube::podman_kube_runtime::tests::utest_get_state_unknown_as_pods_unknown" classname="dot::bin/dot" timestamp="2025-08-06T15:03:56.857+00:00" time="0.004">
        </testcase>
        <testcase name="runtime_connectors::podman_kube::podman_kube_runtime::tests::utest_get_state_unknown_from_paused" classname="dot::bin/dot" timestamp="2025-08-06T15:03:56.861+00:00" time="0.004">
        </testcase>
        <testcase name="runtime_connectors::podman_kube::podman_kube_runtime::tests::utest_get_workload_id_could_not_parse_config" classname="dot::bin/dot" timestamp="2025-08-06T15:03:56.865+00:00" time="0.004">
        </testcase>
        <testcase name="runtime_connectors::podman_kube::podman_kube_runtime::tests::utest_get_workload_id_could_not_parse_pods" classname="dot::bin/dot" timestamp="2025-08-06T15:03:56.869+00:00" time="0.004">
        </testcase>
        <testcase name="runtime_connectors::podman_kube::podman_kube_runtime::tests::utest_get_workload_id_could_not_read_config" classname="dot::bin/dot" timestamp="2025-08-06T15:03:56.873+00:00" time="0.004">
        </testcase>
        <testcase name="runtime_connectors::podman_kube::podman_kube_runtime::tests::utest_get_workload_id_could_not_read_pods" classname="dot::bin/dot" timestamp="2025-08-06T15:03:56.877+00:00" time="0.004">
        </testcase>
        <testcase name="runtime_connectors::podman_kube::podman_kube_runtime::tests::utest_get_workload_id_success" classname="dot::bin/dot" timestamp="2025-08-06T15:03:56.881+00:00" time="0.004">
        </testcase>
        <testcase name="runtime_connectors::podman_kube::podman_kube_runtime::tests::utest_name_podman_kube" classname="dot::bin/dot" timestamp="2025-08-06T15:03:56.885+00:00" time="0.003">
        </testcase>
        <testcase name="runtime_connectors::podman_kube::podman_kube_runtime::tests::utest_state_getter_resets_cache" classname="dot::bin/dot" timestamp="2025-08-06T15:03:56.888+00:00" time="0.005">
        </testcase>
        <testcase name="runtime_connectors::podman_kube::podman_kube_runtime_config::tests::utest_podman_kube_config_failure_missing_manifest" classname="dot::bin/dot" timestamp="2025-08-06T15:03:56.894+00:00" time="0.004">
        </testcase>
        <testcase name="runtime_connectors::podman_kube::podman_kube_runtime_config::tests::utest_podman_kube_config_failure_unsupported_files_field" classname="dot::bin/dot" timestamp="2025-08-06T15:03:56.897+00:00" time="0.004">
        </testcase>
        <testcase name="runtime_connectors::podman_kube::podman_kube_runtime_config::tests::utest_podman_kube_config_failure_wrong_runtime" classname="dot::bin/dot" timestamp="2025-08-06T15:03:56.901+00:00" time="0.004">
        </testcase>
        <testcase name="runtime_connectors::podman_kube::podman_kube_runtime_config::tests::utest_podman_kube_config_success" classname="dot::bin/dot" timestamp="2025-08-06T15:03:56.905+00:00" time="0.004">
        </testcase>
        <testcase name="runtime_connectors::runtime_facade::tests::utest_runtime_facade_create_workload" classname="dot::bin/dot" timestamp="2025-08-06T15:03:56.908+00:00" time="0.004">
        </testcase>
        <testcase name="runtime_connectors::runtime_facade::tests::utest_runtime_facade_delete_workload" classname="dot::bin/dot" timestamp="2025-08-06T15:03:56.913+00:00" time="0.004">
        </testcase>
        <testcase name="runtime_connectors::runtime_facade::tests::utest_runtime_facade_delete_workload_failed" classname="dot::bin/dot" timestamp="2025-08-06T15:03:56.917+00:00" time="0.004">
        </testcase>
        <testcase name="runtime_connectors::runtime_facade::tests::utest_runtime_facade_resume_workload_with_control_interface_access" classname="dot::bin/dot" timestamp="2025-08-06T15:03:56.921+00:00" time="0.004">
        </testcase>
        <testcase name="runtime_connectors::runtime_facade::tests::utest_runtime_facade_resume_workload_without_control_interface_access" classname="dot::bin/dot" timestamp="2025-08-06T15:03:56.925+00:00" time="0.004">
        </testcase>
        <testcase name="runtime_connectors::runtime_facade::tests::utest_runtime_facade_reusable_running_workloads" classname="dot::bin/dot" timestamp="2025-08-06T15:03:56.929+00:00" time="0.004">
        </testcase>
        <testcase name="runtime_manager::tests::utest_add_workload_test_control_interface_creation" classname="dot::bin/dot" timestamp="2025-08-06T15:03:56.933+00:00" time="0.004">
        </testcase>
        <testcase name="runtime_manager::tests::utest_delete_workload_on_already_removed_workload" classname="dot::bin/dot" timestamp="2025-08-06T15:03:56.936+00:00" time="0.004">
        </testcase>
        <testcase name="runtime_manager::tests::utest_execute_workload_operations_create" classname="dot::bin/dot" timestamp="2025-08-06T15:03:56.941+00:00" time="0.004">
        </testcase>
        <testcase name="runtime_manager::tests::utest_execute_workload_operations_delete" classname="dot::bin/dot" timestamp="2025-08-06T15:03:56.944+00:00" time="0.004">
        </testcase>
        <testcase name="runtime_manager::tests::utest_execute_workload_operations_update" classname="dot::bin/dot" timestamp="2025-08-06T15:03:56.948+00:00" time="0.004">
        </testcase>
        <testcase name="runtime_manager::tests::utest_execute_workload_operations_update_delete_only" classname="dot::bin/dot" timestamp="2025-08-06T15:03:56.952+00:00" time="0.004">
        </testcase>
        <testcase name="runtime_manager::tests::utest_forward_complete_state" classname="dot::bin/dot" timestamp="2025-08-06T15:03:56.956+00:00" time="0.004">
        </testcase>
        <testcase name="runtime_manager::tests::utest_forward_complete_state_fails" classname="dot::bin/dot" timestamp="2025-08-06T15:03:56.960+00:00" time="0.004">
        </testcase>
        <testcase name="runtime_manager::tests::utest_forward_complete_state_not_called_because_workload_not_found" classname="dot::bin/dot" timestamp="2025-08-06T15:03:56.965+00:00" time="0.004">
        </testcase>
        <testcase name="runtime_manager::tests::utest_handle_update_workload_initial_call_add_workload_with_unfulfilled_dependencies" classname="dot::bin/dot" timestamp="2025-08-06T15:03:56.969+00:00" time="0.004">
        </testcase>
        <testcase name="runtime_manager::tests::utest_handle_update_workload_initial_call_delete_unneeded_after_agent_restart" classname="dot::bin/dot" timestamp="2025-08-06T15:03:56.973+00:00" time="0.004">
        </testcase>
        <testcase name="runtime_manager::tests::utest_handle_update_workload_initial_call_delete_unneeded_after_server_restart" classname="dot::bin/dot" timestamp="2025-08-06T15:03:56.977+00:00" time="0.004">
        </testcase>
        <testcase name="runtime_manager::tests::utest_handle_update_workload_initial_call_failed_to_get_reusable_workloads" classname="dot::bin/dot" timestamp="2025-08-06T15:03:56.981+00:00" time="0.004">
        </testcase>
        <testcase name="runtime_manager::tests::utest_handle_update_workload_initial_call_handle" classname="dot::bin/dot" timestamp="2025-08-06T15:03:56.985+00:00" time="0.004">
        </testcase>
        <testcase name="runtime_manager::tests::utest_handle_update_workload_initial_call_replace_workload_with_unfulfilled_dependencies" classname="dot::bin/dot" timestamp="2025-08-06T15:03:56.989+00:00" time="0.004">
        </testcase>
        <testcase name="runtime_manager::tests::utest_handle_update_workload_no_workload_with_unknown_runtime" classname="dot::bin/dot" timestamp="2025-08-06T15:03:56.993+00:00" time="0.004">
        </testcase>
        <testcase name="runtime_manager::tests::utest_handle_update_workload_subsequent_add_new_workloads" classname="dot::bin/dot" timestamp="2025-08-06T15:03:56.997+00:00" time="0.004">
        </testcase>
        <testcase name="runtime_manager::tests::utest_handle_update_workload_subsequent_add_on_update_missing" classname="dot::bin/dot" timestamp="2025-08-06T15:03:57.001+00:00" time="0.004">
        </testcase>
        <testcase name="runtime_manager::tests::utest_handle_update_workload_subsequent_add_workload_with_not_fulfilled_dependencies" classname="dot::bin/dot" timestamp="2025-08-06T15:03:57.005+00:00" time="0.004">
        </testcase>
        <testcase name="runtime_manager::tests::utest_handle_update_workload_subsequent_delete_before_adding" classname="dot::bin/dot" timestamp="2025-08-06T15:03:57.009+00:00" time="0.004">
        </testcase>
        <testcase name="runtime_manager::tests::utest_handle_update_workload_subsequent_deleted_workload_with_not_fulfilled_dependencies" classname="dot::bin/dot" timestamp="2025-08-06T15:03:57.013+00:00" time="0.004">
        </testcase>
        <testcase name="runtime_manager::tests::utest_handle_update_workload_subsequent_update_delete_only_with_fulfilled_delete_dependencies" classname="dot::bin/dot" timestamp="2025-08-06T15:03:57.017+00:00" time="0.004">
        </testcase>
        <testcase name="runtime_manager::tests::utest_handle_update_workload_subsequent_update_known_added" classname="dot::bin/dot" timestamp="2025-08-06T15:03:57.021+00:00" time="0.004">
        </testcase>
        <testcase name="runtime_manager::tests::utest_handle_update_workload_subsequent_update_on_add_and_delete" classname="dot::bin/dot" timestamp="2025-08-06T15:03:57.025+00:00" time="0.004">
        </testcase>
        <testcase name="runtime_manager::tests::utest_replace_existing_not_running_workload_after_agent_restart" classname="dot::bin/dot" timestamp="2025-08-06T15:03:57.029+00:00" time="0.004">
        </testcase>
        <testcase name="runtime_manager::tests::utest_replace_existing_not_running_workload_after_server_restart" classname="dot::bin/dot" timestamp="2025-08-06T15:03:57.033+00:00" time="0.004">
        </testcase>
        <testcase name="runtime_manager::tests::utest_replace_existing_workload_with_different_config" classname="dot::bin/dot" timestamp="2025-08-06T15:03:57.037+00:00" time="0.004">
        </testcase>
        <testcase name="runtime_manager::tests::utest_resume_existing_running_workload_with_equal_config" classname="dot::bin/dot" timestamp="2025-08-06T15:03:57.041+00:00" time="0.004">
        </testcase>
        <testcase name="runtime_manager::tests::utest_reuse_existing_succeeded_workload" classname="dot::bin/dot" timestamp="2025-08-06T15:03:57.045+00:00" time="0.004">
        </testcase>
        <testcase name="runtime_manager::tests::utest_transform_update_state_message_into_workload_operations_create" classname="dot::bin/dot" timestamp="2025-08-06T15:03:57.049+00:00" time="0.004">
        </testcase>
        <testcase name="runtime_manager::tests::utest_transform_update_state_message_into_workload_operations_delete" classname="dot::bin/dot" timestamp="2025-08-06T15:03:57.053+00:00" time="0.004">
        </testcase>
        <testcase name="runtime_manager::tests::utest_transform_update_state_message_into_workload_operations_update" classname="dot::bin/dot" timestamp="2025-08-06T15:03:57.057+00:00" time="0.004">
        </testcase>
        <testcase name="runtime_manager::tests::utest_update_workload_state_create_workload_with_fulfilled_dependencies" classname="dot::bin/dot" timestamp="2025-08-06T15:03:57.062+00:00" time="0.004">
        </testcase>
        <testcase name="runtime_manager::tests::utest_update_workload_state_delete_workload_dependencies_not_fulfilled" classname="dot::bin/dot" timestamp="2025-08-06T15:03:57.066+00:00" time="0.004">
        </testcase>
        <testcase name="runtime_manager::tests::utest_update_workload_state_delete_workload_dependencies_with_fulfilled_dependencies" classname="dot::bin/dot" timestamp="2025-08-06T15:03:57.070+00:00" time="0.004">
        </testcase>
        <testcase name="runtime_manager::tests::utest_update_workload_state_no_create_workload_when_dependencies_not_fulfilled" classname="dot::bin/dot" timestamp="2025-08-06T15:03:57.074+00:00" time="0.004">
        </testcase>
        <testcase name="runtime_manager::tests::utest_update_workload_test_control_interface_creation" classname="dot::bin/dot" timestamp="2025-08-06T15:03:57.078+00:00" time="0.004">
        </testcase>
        <testcase name="tests::utest_handle_agent_config_default" classname="dot::bin/dot" timestamp="2025-08-06T15:03:57.082+00:00" time="0.003">
        </testcase>
        <testcase name="tests::utest_handle_agent_config_default_path" classname="dot::bin/dot" timestamp="2025-08-06T15:03:57.085+00:00" time="0.004">
        </testcase>
        <testcase name="tests::utest_handle_agent_config_valid_config" classname="dot::bin/dot" timestamp="2025-08-06T15:03:57.089+00:00" time="0.004">
        </testcase>
        <testcase name="tests::utest_validate_agent_name_fail" classname="dot::bin/dot" timestamp="2025-08-06T15:03:57.093+00:00" time="0.005">
        </testcase>
        <testcase name="tests::utest_validate_agent_name_ok" classname="dot::bin/dot" timestamp="2025-08-06T15:03:57.098+00:00" time="0.004">
        </testcase>
        <testcase name="workload::control_loop_state::tests::utest_control_loop_state_builder_build_failed" classname="dot::bin/dot" timestamp="2025-08-06T15:03:57.102+00:00" time="0.003">
        </testcase>
        <testcase name="workload::control_loop_state::tests::utest_control_loop_state_builder_build_success" classname="dot::bin/dot" timestamp="2025-08-06T15:03:57.105+00:00" time="0.004">
        </testcase>
        <testcase name="workload::control_loop_state::tests::utest_control_loop_state_instance_name" classname="dot::bin/dot" timestamp="2025-08-06T15:03:57.109+00:00" time="0.004">
        </testcase>
        <testcase name="workload::retry_manager::tests::utest_invalidate_invalidates_token" classname="dot::bin/dot" timestamp="2025-08-06T15:03:57.113+00:00" time="0.003">
        </testcase>
        <testcase name="workload::retry_manager::tests::utest_invalidate_stops_retry" classname="dot::bin/dot" timestamp="2025-08-06T15:03:57.116+00:00" time="0.004">
        </testcase>
        <testcase name="workload::retry_manager::tests::utest_max_retry_time" classname="dot::bin/dot" timestamp="2025-08-06T15:03:57.119+00:00" time="0.003">
        </testcase>
        <testcase name="workload::retry_manager::tests::utest_new_toke_resets_timeout" classname="dot::bin/dot" timestamp="2025-08-06T15:03:57.123+00:00" time="0.003">
        </testcase>
        <testcase name="workload::retry_manager::tests::utest_new_token_invalidates_old_token" classname="dot::bin/dot" timestamp="2025-08-06T15:03:57.126+00:00" time="0.003">
        </testcase>
        <testcase name="workload::retry_manager::tests::utest_new_token_stops_retry" classname="dot::bin/dot" timestamp="2025-08-06T15:03:57.130+00:00" time="0.003">
        </testcase>
        <testcase name="workload::retry_manager::tests::utest_one_retry" classname="dot::bin/dot" timestamp="2025-08-06T15:03:57.133+00:00" time="0.003">
        </testcase>
        <testcase name="workload::tests::utest_exchange_control_interface_not_created" classname="dot::bin/dot" timestamp="2025-08-06T15:03:57.137+00:00" time="0.004">
        </testcase>
        <testcase name="workload::tests::utest_is_control_interface_changed_returns_false" classname="dot::bin/dot" timestamp="2025-08-06T15:03:57.140+00:00" time="0.004">
        </testcase>
        <testcase name="workload::tests::utest_is_control_interface_changed_returns_true" classname="dot::bin/dot" timestamp="2025-08-06T15:03:57.144+00:00" time="0.004">
        </testcase>
        <testcase name="workload::tests::utest_is_control_interface_changed_set_from_existing_to_none_returns_true" classname="dot::bin/dot" timestamp="2025-08-06T15:03:57.147+00:00" time="0.003">
        </testcase>
        <testcase name="workload::tests::utest_is_control_interface_changed_set_from_none_to_new_returns_true" classname="dot::bin/dot" timestamp="2025-08-06T15:03:57.151+00:00" time="0.003">
        </testcase>
        <testcase name="workload::tests::utest_is_control_interface_changed_set_from_none_to_none_returns_false" classname="dot::bin/dot" timestamp="2025-08-06T15:03:57.154+00:00" time="0.003">
        </testcase>
        <testcase name="workload::tests::utest_workload_obj_delete_error" classname="dot::bin/dot" timestamp="2025-08-06T15:03:57.157+00:00" time="0.004">
        </testcase>
        <testcase name="workload::tests::utest_workload_obj_delete_success" classname="dot::bin/dot" timestamp="2025-08-06T15:03:57.161+00:00" time="0.004">
        </testcase>
        <testcase name="workload::tests::utest_workload_obj_send_complete_state_no_control_interface" classname="dot::bin/dot" timestamp="2025-08-06T15:03:57.165+00:00" time="0.004">
        </testcase>
        <testcase name="workload::tests::utest_workload_obj_send_complete_state_pipes_communication_error" classname="dot::bin/dot" timestamp="2025-08-06T15:03:57.169+00:00" time="0.004">
        </testcase>
        <testcase name="workload::tests::utest_workload_obj_send_complete_state_success" classname="dot::bin/dot" timestamp="2025-08-06T15:03:57.172+00:00" time="0.004">
        </testcase>
        <testcase name="workload::tests::utest_workload_obj_update_error" classname="dot::bin/dot" timestamp="2025-08-06T15:03:57.176+00:00" time="0.004">
        </testcase>
        <testcase name="workload::tests::utest_workload_obj_update_success" classname="dot::bin/dot" timestamp="2025-08-06T15:03:57.181+00:00" time="0.005">
        </testcase>
        <testcase name="workload::workload_command_channel::tests::utest_send_create" classname="dot::bin/dot" timestamp="2025-08-06T15:03:57.186+00:00" time="0.004">
        </testcase>
        <testcase name="workload::workload_command_channel::tests::utest_send_delete" classname="dot::bin/dot" timestamp="2025-08-06T15:03:57.191+00:00" time="0.004">
        </testcase>
        <testcase name="workload::workload_command_channel::tests::utest_send_resume" classname="dot::bin/dot" timestamp="2025-08-06T15:03:57.195+00:00" time="0.004">
        </testcase>
        <testcase name="workload::workload_command_channel::tests::utest_send_resume_error" classname="dot::bin/dot" timestamp="2025-08-06T15:03:57.199+00:00" time="0.004">
        </testcase>
        <testcase name="workload::workload_command_channel::tests::utest_send_retry" classname="dot::bin/dot" timestamp="2025-08-06T15:03:57.203+00:00" time="0.004">
        </testcase>
        <testcase name="workload::workload_command_channel::tests::utest_send_update" classname="dot::bin/dot" timestamp="2025-08-06T15:03:57.207+00:00" time="0.004">
        </testcase>
        <testcase name="workload::workload_control_loop::tests::utest_create_workload_on_runtime_create_workload_files" classname="dot::bin/dot" timestamp="2025-08-06T15:03:57.211+00:00" time="0.004">
        </testcase>
        <testcase name="workload::workload_control_loop::tests::utest_create_workload_on_runtime_create_workload_files_fails" classname="dot::bin/dot" timestamp="2025-08-06T15:03:57.215+00:00" time="0.004">
        </testcase>
        <testcase name="workload::workload_control_loop::tests::utest_create_workload_on_runtime_runtime_fails_with_unsupported_error" classname="dot::bin/dot" timestamp="2025-08-06T15:03:57.219+00:00" time="0.004">
        </testcase>
        <testcase name="workload::workload_control_loop::tests::utest_forward_received_workload_states_of_state_checker" classname="dot::bin/dot" timestamp="2025-08-06T15:03:57.224+00:00" time="0.076">
        </testcase>
        <testcase name="workload::workload_control_loop::tests::utest_is_restart_allowed_never" classname="dot::bin/dot" timestamp="2025-08-06T15:03:57.300+00:00" time="0.004">
        </testcase>
        <testcase name="workload::workload_control_loop::tests::utest_is_restart_allowed_on_failure" classname="dot::bin/dot" timestamp="2025-08-06T15:03:57.303+00:00" time="0.003">
        </testcase>
        <testcase name="workload::workload_control_loop::tests::utest_is_same_workload" classname="dot::bin/dot" timestamp="2025-08-06T15:03:57.306+00:00" time="0.003">
        </testcase>
        <testcase name="workload::workload_control_loop::tests::utest_panic_on_closed_workload_state_channel" classname="dot::bin/dot" timestamp="2025-08-06T15:03:57.310+00:00" time="0.076">
        </testcase>
        <testcase name="workload::workload_control_loop::tests::utest_restart_policy_matches_execution_state_always" classname="dot::bin/dot" timestamp="2025-08-06T15:03:57.386+00:00" time="0.004">
        </testcase>
        <testcase name="workload::workload_control_loop::tests::utest_restart_workload" classname="dot::bin/dot" timestamp="2025-08-06T15:03:57.389+00:00" time="0.077">
        </testcase>
        <testcase name="workload::workload_control_loop::tests::utest_resume_workload" classname="dot::bin/dot" timestamp="2025-08-06T15:03:57.466+00:00" time="0.005">
        </testcase>
        <testcase name="workload::workload_control_loop::tests::utest_resume_workload_get_workload_id_fails" classname="dot::bin/dot" timestamp="2025-08-06T15:03:57.471+00:00" time="0.004">
        </testcase>
        <testcase name="workload::workload_control_loop::tests::utest_resume_workload_start_state_checker_fails" classname="dot::bin/dot" timestamp="2025-08-06T15:03:57.476+00:00" time="0.004">
        </testcase>
        <testcase name="workload::workload_control_loop::tests::utest_resume_workload_workload_id_and_state_checker_updated" classname="dot::bin/dot" timestamp="2025-08-06T15:03:57.480+00:00" time="0.004">
        </testcase>
        <testcase name="generic_polling_state_checker::tests::utest_generic_polling_state_checker_success" classname="dot::bin/dot" timestamp="2025-08-06T15:03:56.304+00:00" time="1.207">
        </testcase>
        <testcase name="workload::workload_control_loop::tests::utest_workload_obj_run_create_successful" classname="dot::bin/dot" timestamp="2025-08-06T15:03:57.511+00:00" time="0.056">
        </testcase>
        <testcase name="workload::workload_control_loop::tests::utest_workload_obj_run_delete_already_gone" classname="dot::bin/dot" timestamp="2025-08-06T15:03:57.567+00:00" time="0.004">
        </testcase>
        <testcase name="workload::workload_control_loop::tests::utest_workload_obj_run_delete_success" classname="dot::bin/dot" timestamp="2025-08-06T15:03:57.572+00:00" time="0.004">
        </testcase>
        <testcase name="workload::workload_control_loop::tests::utest_workload_obj_run_create_failed_sends_retry" classname="dot::bin/dot" timestamp="2025-08-06T15:03:57.484+00:00" time="0.106">
        </testcase>
        <testcase name="workload::workload_control_loop::tests::utest_workload_obj_run_retry_failed_sends_retry" classname="dot::bin/dot" timestamp="2025-08-06T15:03:57.576+00:00" time="0.106">
        </testcase>
        <testcase name="workload::workload_control_loop::tests::utest_workload_obj_run_retry_skip_if_retry_token_invalid" classname="dot::bin/dot" timestamp="2025-08-06T15:03:57.590+00:00" time="0.106">
        </testcase>
        <testcase name="workload::workload_control_loop::tests::utest_workload_obj_run_update_after_update_delete_only" classname="dot::bin/dot" timestamp="2025-08-06T15:03:57.696+00:00" time="0.004">
        </testcase>
        <testcase name="workload::workload_control_loop::tests::utest_workload_obj_run_update_broken_allowed" classname="dot::bin/dot" timestamp="2025-08-06T15:03:57.700+00:00" time="0.004">
        </testcase>
        <testcase name="workload::workload_control_loop::tests::utest_workload_obj_run_update_delete_fails" classname="dot::bin/dot" timestamp="2025-08-06T15:03:57.704+00:00" time="0.004">
        </testcase>
        <testcase name="workload::workload_control_loop::tests::utest_workload_obj_run_update_delete_only" classname="dot::bin/dot" timestamp="2025-08-06T15:03:57.708+00:00" time="0.004">
        </testcase>
        <testcase name="workload::workload_control_loop::tests::utest_workload_obj_run_update_success" classname="dot::bin/dot" timestamp="2025-08-06T15:03:57.712+00:00" time="0.004">
        </testcase>
        <testcase name="workload::workload_control_loop::tests::utest_workload_obj_update_create_failed_send_retry" classname="dot::bin/dot" timestamp="2025-08-06T15:03:57.716+00:00" time="0.005">
        </testcase>
        <testcase name="workload_files::workload_files_creator::tests::utest_host_workload_file_location_try_from_fails_invalid_path_components" classname="dot::bin/dot" timestamp="2025-08-06T15:03:57.721+00:00" time="0.003">
        </testcase>
        <testcase name="workload_files::workload_files_creator::tests::utest_host_workload_file_location_try_from_fails_with_directory_instead_of_file" classname="dot::bin/dot" timestamp="2025-08-06T15:03:57.724+00:00" time="0.003">
        </testcase>
        <testcase name="workload_files::workload_files_creator::tests::utest_host_workload_file_location_try_from_fails_with_relative_path" classname="dot::bin/dot" timestamp="2025-08-06T15:03:57.728+00:00" time="0.004">
        </testcase>
        <testcase name="workload_files::workload_files_creator::tests::utest_workload_files_creator_create_files" classname="dot::bin/dot" timestamp="2025-08-06T15:03:57.731+00:00" time="0.004">
        </testcase>
        <testcase name="workload_files::workload_files_creator::tests::utest_workload_files_creator_create_files_create_dir_fails" classname="dot::bin/dot" timestamp="2025-08-06T15:03:57.735+00:00" time="0.004">
        </testcase>
        <testcase name="workload_files::workload_files_creator::tests::utest_workload_files_creator_create_files_fails_with_invalid_path_components" classname="dot::bin/dot" timestamp="2025-08-06T15:03:57.739+00:00" time="0.004">
        </testcase>
        <testcase name="workload_files::workload_files_creator::tests::utest_workload_files_creator_create_files_write_file_fails" classname="dot::bin/dot" timestamp="2025-08-06T15:03:57.743+00:00" time="0.004">
        </testcase>
        <testcase name="workload_files::workload_files_creator::tests::utest_workload_files_creator_write_file_base64_decode_error" classname="dot::bin/dot" timestamp="2025-08-06T15:03:57.747+00:00" time="0.003">
        </testcase>
        <testcase name="workload_files::workload_files_path::tests::utest_workload_files_path_from" classname="dot::bin/dot" timestamp="2025-08-06T15:03:57.750+00:00" time="0.003">
        </testcase>
[...]
        </testcase>
        <testcase name="cli_commands::apply_manifests::tests::utest_generate_state_obj_and_filter_masks_from_manifests_delete_mode_ok" classname="dotctl::bin/dotctl" timestamp="2025-08-06T15:03:57.912+00:00" time="0.005">
        </testcase>
        <testcase name="cli_commands::apply_manifests::tests::utest_generate_state_obj_and_filter_masks_from_manifests_ok" classname="dotctl::bin/dotctl" timestamp="2025-08-06T15:03:57.916+00:00" time="0.006">
        </testcase>
        <testcase name="cli_commands::apply_manifests::tests::utest_handle_agent_overwrite_agent_name_provided_through_agent_flag" classname="dotctl::bin/dotctl" timestamp="2025-08-06T15:03:57.918+00:00" time="0.005">
        </testcase>
        <testcase name="cli_commands::apply_manifests::tests::utest_handle_agent_overwrite_considers_only_workloads" classname="dotctl::bin/dotctl" timestamp="2025-08-06T15:03:57.922+00:00" time="0.005">
        </testcase>
        <testcase name="cli_commands::apply_manifests::tests::utest_handle_agent_overwrite_missing_agent_name" classname="dotctl::bin/dotctl" timestamp="2025-08-06T15:03:57.923+00:00" time="0.006">
        </testcase>
        <testcase name="cli_commands::apply_manifests::tests::utest_handle_agent_overwrite_multiple_agent_names_provided_in_workload_specs" classname="dotctl::bin/dotctl" timestamp="2025-08-06T15:03:57.927+00:00" time="0.006">
        </testcase>
        <testcase name="cli_commands::apply_manifests::tests::utest_handle_agent_overwrite_no_agent_name_provided_at_all" classname="dotctl::bin/dotctl" timestamp="2025-08-06T15:03:57.929+00:00" time="0.005">
        </testcase>
        <testcase name="cli_commands::apply_manifests::tests::utest_handle_agent_overwrite_one_agent_name_provided_in_workload_specs" classname="dotctl::bin/dotctl" timestamp="2025-08-06T15:03:57.932+00:00" time="0.006">
        </testcase>
        <testcase name="cli_commands::apply_manifests::tests::utest_parse_manifest_invalid_api_version" classname="dotctl::bin/dotctl" timestamp="2025-08-06T15:03:57.934+00:00" time="0.005">
        </testcase>
        <testcase name="cli_commands::apply_manifests::tests::utest_parse_manifest_invalid_manifest_content" classname="dotctl::bin/dotctl" timestamp="2025-08-06T15:03:57.938+00:00" time="0.004">
        </testcase>
        <testcase name="cli_commands::apply_manifests::tests::utest_parse_manifest_ok" classname="dotctl::bin/dotctl" timestamp="2025-08-06T15:03:57.938+00:00" time="0.005">
        </testcase>
        <testcase name="cli_commands::apply_manifests::tests::utest_update_request_obj_failed_same_workload_names" classname="dotctl::bin/dotctl" timestamp="2025-08-06T15:03:57.943+00:00" time="0.004">
        </testcase>
        <testcase name="cli_commands::apply_manifests::tests::utest_update_request_obj_delete_mode_on_ok" classname="dotctl::bin/dotctl" timestamp="2025-08-06T15:03:57.942+00:00" time="0.006">
        </testcase>
        <testcase name="cli_commands::cli_table::tests::utest_create_default_table_line_length_equal_to_terminal_length" classname="dotctl::bin/dotctl" timestamp="2025-08-06T15:03:57.948+00:00" time="0.004">
        </testcase>
        <testcase name="cli_commands::apply_manifests::tests::utest_update_request_obj_ok" classname="dotctl::bin/dotctl" timestamp="2025-08-06T15:03:57.948+00:00" time="0.006">
        </testcase>
        <testcase name="cli_commands::cli_table::tests::utest_create_default_table_truncated_table_upon_exceeding_line_length" classname="dotctl::bin/dotctl" timestamp="2025-08-06T15:03:57.953+00:00" time="0.005">
        </testcase>
        <testcase name="cli_commands::cli_table::tests::utest_default_table_with_only_one_column" classname="dotctl::bin/dotctl" timestamp="2025-08-06T15:03:57.953+00:00" time="0.004">
        </testcase>
        <testcase name="cli_commands::cli_table::tests::utest_table_with_truncated_column_to_remaining_terminal_width" classname="dotctl::bin/dotctl" timestamp="2025-08-06T15:03:57.957+00:00" time="0.005">
        </testcase>
        <testcase name="cli_commands::cli_table::tests::utest_table_with_wrapped_column_to_remaining_terminal_width" classname="dotctl::bin/dotctl" timestamp="2025-08-06T15:03:57.958+00:00" time="0.005">
        </testcase>
        <testcase name="cli_commands::cli_table::tests::utest_terminal_width_for_column_column_name_bigger_than_column_content" classname="dotctl::bin/dotctl" timestamp="2025-08-06T15:03:57.962+00:00" time="0.005">
        </testcase>
        <testcase name="cli_commands::cli_table::tests::utest_terminal_width_for_column_no_reasonable_terminal_width_left" classname="dotctl::bin/dotctl" timestamp="2025-08-06T15:03:57.963+00:00" time="0.005">
        </testcase>
        <testcase name="cli_commands::cli_table::tests::utest_terminal_width_for_column_no_table_entries" classname="dotctl::bin/dotctl" timestamp="2025-08-06T15:03:57.967+00:00" time="0.005">
        </testcase>
        <testcase name="cli_commands::delete_configs::tests::utest_delete_configs_two_configs" classname="dotctl::bin/dotctl" timestamp="2025-08-06T15:03:57.968+00:00" time="0.006">
        </testcase>
        <testcase name="cli_commands::delete_configs::tests::utest_delete_configs_unknown_config" classname="dotctl::bin/dotctl" timestamp="2025-08-06T15:03:57.971+00:00" time="0.005">
        </testcase>
        <testcase name="cli_commands::delete_workloads::tests::utest_delete_workloads_two_workloads" classname="dotctl::bin/dotctl" timestamp="2025-08-06T15:03:57.974+00:00" time="0.005">
        </testcase>
        <testcase name="cli_commands::delete_workloads::tests::utest_delete_workloads_unknown_workload" classname="dotctl::bin/dotctl" timestamp="2025-08-06T15:03:57.977+00:00" time="0.006">
        </testcase>
        <testcase name="cli_commands::get_agents::tests::test_get_agents" classname="dotctl::bin/dotctl" timestamp="2025-08-06T15:03:57.979+00:00" time="0.006">
        </testcase>
        <testcase name="cli_commands::get_agents::tests::test_get_agents_agent_not_inside_complete_state_not_listed" classname="dotctl::bin/dotctl" timestamp="2025-08-06T15:03:57.982+00:00" time="0.005">
        </testcase>
        <testcase name="cli_commands::get_agents::tests::test_get_agents_count_the_workload_states" classname="dotctl::bin/dotctl" timestamp="2025-08-06T15:03:57.985+00:00" time="0.005">
        </testcase>
        <testcase name="cli_commands::get_agents::tests::test_get_agents_empty_workloads_in_complete_state" classname="dotctl::bin/dotctl" timestamp="2025-08-06T15:03:57.987+00:00" time="0.006">
        </testcase>
        <testcase name="cli_commands::get_agents::tests::test_get_agents_failed_to_get_complete_state" classname="dotctl::bin/dotctl" timestamp="2025-08-06T15:03:57.990+00:00" time="0.004">
        </testcase>
        <testcase name="cli_commands::get_configs::tests::test_get_configs" classname="dotctl::bin/dotctl" timestamp="2025-08-06T15:03:57.994+00:00" time="0.005">
        </testcase>
        <testcase name="cli_commands::get_agents::tests::test_get_agents_no_output_of_empty_agents" classname="dotctl::bin/dotctl" timestamp="2025-08-06T15:03:57.993+00:00" time="0.007">
        </testcase>
        <testcase name="cli_commands::get_configs::tests::test_get_configs_failed_to_get_complete_state" classname="dotctl::bin/dotctl" timestamp="2025-08-06T15:03:57.999+00:00" time="0.005">
        </testcase>
        <testcase name="cli_commands::get_configs::tests::test_get_configs_no_config_present_in_complete_state" classname="dotctl::bin/dotctl" timestamp="2025-08-06T15:03:58.000+00:00" time="0.006">
        </testcase>
        <testcase name="cli_commands::get_state::tests::utest_get_state_complete_desired_state_json" classname="dotctl::bin/dotctl" timestamp="2025-08-06T15:03:58.004+00:00" time="0.006">
        </testcase>
        <testcase name="cli_commands::get_state::tests::utest_get_state_complete_desired_state_yaml" classname="dotctl::bin/dotctl" timestamp="2025-08-06T15:03:58.006+00:00" time="0.007">
        </testcase>
        <testcase name="cli_commands::get_state::tests::utest_get_state_multiple_fields_of_desired_state" classname="dotctl::bin/dotctl" timestamp="2025-08-06T15:03:58.010+00:00" time="0.008">
        </testcase>
        <testcase name="cli_commands::get_state::tests::utest_get_state_single_field_of_desired_state" classname="dotctl::bin/dotctl" timestamp="2025-08-06T15:03:58.013+00:00" time="0.007">
        </testcase>
        <testcase name="cli_commands::get_state::tests::utest_get_state_single_field_without_api_version" classname="dotctl::bin/dotctl" timestamp="2025-08-06T15:03:58.018+00:00" time="0.006">
        </testcase>
        <testcase name="cli_commands::get_workloads::tests::utest_get_workloads_deleted_workload" classname="dotctl::bin/dotctl" timestamp="2025-08-06T15:03:58.020+00:00" time="0.005">
        </testcase>
        <testcase name="cli_commands::get_workloads::tests::utest_get_workloads_empty_table" classname="dotctl::bin/dotctl" timestamp="2025-08-06T15:03:58.024+00:00" time="0.006">
        </testcase>
        <testcase name="cli_commands::get_workloads::tests::utest_get_workloads_filter_agent" classname="dotctl::bin/dotctl" timestamp="2025-08-06T15:03:58.025+00:00" time="0.005">
        </testcase>
        <testcase name="cli_commands::get_workloads::tests::utest_get_workloads_filter_workload_name" classname="dotctl::bin/dotctl" timestamp="2025-08-06T15:03:58.030+00:00" time="0.005">
        </testcase>
        <testcase name="cli_commands::get_workloads::tests::utest_get_workloads_filter_state" classname="dotctl::bin/dotctl" timestamp="2025-08-06T15:03:58.030+00:00" time="0.006">
        </testcase>
        <testcase name="cli_commands::get_workloads::tests::utest_get_workloads_no_filtering" classname="dotctl::bin/dotctl" timestamp="2025-08-06T15:03:58.035+00:00" time="0.005">
        </testcase>
        <testcase name="cli_commands::run_workload::tests::utest_run_workload_one_new_workload" classname="dotctl::bin/dotctl" timestamp="2025-08-06T15:03:58.036+00:00" time="0.006">
        </testcase>
        <testcase name="cli_commands::server_connection::tests::utest_get_complete_state_fails_at_request" classname="dotctl::bin/dotctl" timestamp="2025-08-06T15:03:58.042+00:00" time="0.005">
        </testcase>
        <testcase name="cli_commands::server_connection::tests::utest_get_complete_state" classname="dotctl::bin/dotctl" timestamp="2025-08-06T15:03:58.041+00:00" time="0.006">
        </testcase>
        <testcase name="cli_commands::server_connection::tests::utest_get_complete_state_fails_no_response" classname="dotctl::bin/dotctl" timestamp="2025-08-06T15:03:58.046+00:00" time="0.005">
        </testcase>
        <testcase name="cli_commands::server_connection::tests::utest_get_complete_state_other_message_in_between" classname="dotctl::bin/dotctl" timestamp="2025-08-06T15:03:58.052+00:00" time="0.004">
        </testcase>
        <testcase name="cli_commands::server_connection::tests::utest_get_complete_state_other_response_in_between" classname="dotctl::bin/dotctl" timestamp="2025-08-06T15:03:58.056+00:00" time="0.004">
        </testcase>
        <testcase name="cli_commands::server_connection::tests::utest_read_next_update_workload_state" classname="dotctl::bin/dotctl" timestamp="2025-08-06T15:03:58.060+00:00" time="0.003">
        </testcase>
        <testcase name="cli_commands::server_connection::tests::utest_read_next_update_workload_state_fails_no_response" classname="dotctl::bin/dotctl" timestamp="2025-08-06T15:03:58.063+00:00" time="0.003">
        </testcase>
        <testcase name="cli_commands::server_connection::tests::utest_read_next_update_workload_state_other_message_in_between" classname="dotctl::bin/dotctl" timestamp="2025-08-06T15:03:58.066+00:00" time="0.004">
        </testcase>
        <testcase name="cli_commands::server_connection::tests::utest_update_state" classname="dotctl::bin/dotctl" timestamp="2025-08-06T15:03:58.070+00:00" time="0.004">
        </testcase>
        <testcase name="cli_commands::server_connection::tests::utest_update_state_fails_at_request" classname="dotctl::bin/dotctl" timestamp="2025-08-06T15:03:58.074+00:00" time="0.004">
        </testcase>
        <testcase name="cli_commands::server_connection::tests::utest_update_state_fails_error_response" classname="dotctl::bin/dotctl" timestamp="2025-08-06T15:03:58.077+00:00" time="0.004">
        </testcase>
        <testcase name="cli_commands::server_connection::tests::utest_update_state_fails_no_response" classname="dotctl::bin/dotctl" timestamp="2025-08-06T15:03:58.081+00:00" time="0.004">
        </testcase>
        <testcase name="cli_commands::server_connection::tests::utest_get_complete_state_fails_response_timeout" classname="dotctl::bin/dotctl" timestamp="2025-08-06T15:03:58.047+00:00" time="3.006">
        </testcase>
        <testcase name="cli_commands::server_connection::tests::utest_update_state_other_message_in_between" classname="dotctl::bin/dotctl" timestamp="2025-08-06T15:04:01.052+00:00" time="0.004">
        </testcase>
        <testcase name="cli_commands::server_connection::tests::utest_update_state_other_response_in_between" classname="dotctl::bin/dotctl" timestamp="2025-08-06T15:04:01.057+00:00" time="0.004">
        </testcase>
        <testcase name="cli_commands::set_state::tests::utest_create_state_with_default_workload_specs_empty_update_mask" classname="dotctl::bin/dotctl" timestamp="2025-08-06T15:04:01.061+00:00" time="0.003">
        </testcase>
        <testcase name="cli_commands::set_state::tests::utest_create_state_with_default_workload_specs_invalid_path" classname="dotctl::bin/dotctl" timestamp="2025-08-06T15:04:01.064+00:00" time="0.003">
        </testcase>
        <testcase name="cli_commands::set_state::tests::utest_create_state_with_default_workload_specs_with_update_mask" classname="dotctl::bin/dotctl" timestamp="2025-08-06T15:04:01.067+00:00" time="0.003">
        </testcase>
        <testcase name="cli_commands::set_state::tests::utest_overwrite_using_field_mask" classname="dotctl::bin/dotctl" timestamp="2025-08-06T15:04:01.070+00:00" time="0.004">
        </testcase>
        <testcase name="cli_commands::set_state::tests::utest_process_inputs_file" classname="dotctl::bin/dotctl" timestamp="2025-08-06T15:04:01.074+00:00" time="0.007">
        </testcase>
        <testcase name="cli_commands::set_state::tests::utest_process_inputs_invalid_yaml" classname="dotctl::bin/dotctl" timestamp="2025-08-06T15:04:01.081+00:00" time="0.004">
        </testcase>
        <testcase name="cli_commands::set_state::tests::utest_process_inputs_stdin" classname="dotctl::bin/dotctl" timestamp="2025-08-06T15:04:01.085+00:00" time="0.004">
        </testcase>
        <testcase name="cli_commands::server_connection::tests::utest_update_state_fails_response_timeout" classname="dotctl::bin/dotctl" timestamp="2025-08-06T15:03:58.084+00:00" time="3.006">
        </testcase>
        <testcase name="cli_commands::set_state::tests::utest_set_state_ok" classname="dotctl::bin/dotctl" timestamp="2025-08-06T15:04:01.089+00:00" time="0.006">
        </testcase>
        <testcase name="cli_commands::tests::utest_apply_args_get_input_sources_manifest_files_error" classname="dotctl::bin/dotctl" timestamp="2025-08-06T15:04:01.090+00:00" time="0.005">
        </testcase>
        <testcase name="cli_commands::tests::utest_apply_args_get_input_sources_manifest_files_ok" classname="dotctl::bin/dotctl" timestamp="2025-08-06T15:04:01.095+00:00" time="0.004">
        </testcase>
        <testcase name="cli_commands::tests::utest_apply_args_get_input_sources_valid_manifest_stdin" classname="dotctl::bin/dotctl" timestamp="2025-08-06T15:04:01.096+00:00" time="0.006">
        </testcase>
        <testcase name="cli_commands::wait_list::tests::utest_update_wait_list_added_failed" classname="dotctl::bin/dotctl" timestamp="2025-08-06T15:04:01.099+00:00" time="0.005">
        </testcase>
        <testcase name="cli_commands::wait_list::tests::utest_update_wait_list_added_not_scheduled" classname="dotctl::bin/dotctl" timestamp="2025-08-06T15:04:01.101+00:00" time="0.004">
        </testcase>
        <testcase name="cli_commands::wait_list::tests::utest_update_wait_list_added_starting_failed_no_more_retries" classname="dotctl::bin/dotctl" timestamp="2025-08-06T15:04:01.106+00:00" time="0.004">
        </testcase>
        <testcase name="cli_commands::wait_list::tests::utest_update_wait_list_added_running" classname="dotctl::bin/dotctl" timestamp="2025-08-06T15:04:01.104+00:00" time="0.006">
        </testcase>
        <testcase name="cli_commands::wait_list::tests::utest_update_wait_list_deleted_removed" classname="dotctl::bin/dotctl" timestamp="2025-08-06T15:04:01.110+00:00" time="0.004">
        </testcase>
        <testcase name="cli_commands::wait_list::tests::utest_update_wait_list_added_succeeded" classname="dotctl::bin/dotctl" timestamp="2025-08-06T15:04:01.110+00:00" time="0.006">
        </testcase>
        <testcase name="cli_commands::wait_list_display::tests::update_table" classname="dotctl::bin/dotctl" timestamp="2025-08-06T15:04:01.114+00:00" time="0.004">
        </testcase>
        <testcase name="cli_commands::workload_table_row::tests::utest_additional_info_msg_without_new_lines" classname="dotctl::bin/dotctl" timestamp="2025-08-06T15:04:01.116+00:00" time="0.004">
        </testcase>
        <testcase name="dotctl_config::tests::utest_default_dotctl_config" classname="dotctl::bin/dotctl" timestamp="2025-08-06T15:04:01.120+00:00" time="0.004">
        </testcase>
        <testcase name="cli_commands::workload_table_row::tests::utest_one_row_table" classname="dotctl::bin/dotctl" timestamp="2025-08-06T15:04:01.119+00:00" time="0.006">
        </testcase>
        <testcase name="dotctl_config::tests::utest_dotctl_config_from_file_successful" classname="dotctl::bin/dotctl" timestamp="2025-08-06T15:04:01.124+00:00" time="0.005">
        </testcase>
        <testcase name="dotctl_config::tests::utest_dotctl_config_conflicting_certificates" classname="dotctl::bin/dotctl" timestamp="2025-08-06T15:04:01.124+00:00" time="0.006">
        </testcase>
        <testcase name="dotctl_config::tests::utest_dotctl_config_multiple_contexts_found" classname="dotctl::bin/dotctl" timestamp="2025-08-06T15:04:01.129+00:00" time="0.004">
        </testcase>
        <testcase name="dotctl_config::tests::utest_dotctl_config_no_context_returns_default" classname="dotctl::bin/dotctl" timestamp="2025-08-06T15:04:01.130+00:00" time="0.006">
        </testcase>
        <testcase name="dotctl_config::tests::utest_dotctl_config_update_with_args" classname="dotctl::bin/dotctl" timestamp="2025-08-06T15:04:01.134+00:00" time="0.005">
        </testcase>
        <testcase name="dotctl_config::tests::utest_dotctl_config_update_with_args_certificates_content" classname="dotctl::bin/dotctl" timestamp="2025-08-06T15:04:01.136+00:00" time="0.005">
        </testcase>
        <testcase name="dotctl_config::tests::utest_dotctl_config_update_with_args_flags_unset" classname="dotctl::bin/dotctl" timestamp="2025-08-06T15:04:01.138+00:00" time="0.006">
        </testcase>
        <testcase name="dotctl_config::tests::utest_dotctl_config_wrong_version" classname="dotctl::bin/dotctl" timestamp="2025-08-06T15:04:01.141+00:00" time="0.005">
        </testcase>
        <testcase name="tests::utest_handle_dotctl_config_default" classname="dotctl::bin/dotctl" timestamp="2025-08-06T15:04:01.144+00:00" time="0.004">
        </testcase>
        <testcase name="tests::utest_handle_dotctl_config_default_path" classname="dotctl::bin/dotctl" timestamp="2025-08-06T15:04:01.145+00:00" time="0.005">
        </testcase>
        <testcase name="tests::utest_handle_dotctl_config_valid_config" classname="dotctl::bin/dotctl" timestamp="2025-08-06T15:04:01.148+00:00" time="0.006">
        </testcase>
    </testsuite>
</testsuites>
