<?xml version="1.0" encoding="UTF-8"?>
<testsuite name="Tests" tests="74" errors="0" failures="0" skipped="0" time="142.012" timestamp="2025-08-06T15:58:27.971683">
<testsuite name="Stests" tests="74" errors="0" failures="0" skipped="0" time="141.987" timestamp="2025-08-06T15:58:27.995490">
<testsuite name="Agents" tests="2" errors="0" failures="0" skipped="0" time="3.178" timestamp="2025-08-06T15:58:27.996694">
<testsuite name="List Agents" tests="2" errors="0" failures="0" skipped="0" time="3.177" timestamp="2025-08-06T15:58:27.997664">
<testcase classname="Tests.Stests.Agents.List Agents" name="Test Dots CLI lists connected agents" time="2.415">
</testcase>
<testcase classname="Tests.Stests.Agents.List Agents" name="Test Dots CLI enforces agent naming convention" time="0.699">
</testcase>
<properties>
<property name="Documentation" value="Tests to verify that the Dots CLI lists connected agents"/>
</properties>
</testsuite>
</testsuite>
<testsuite name="Configs" tests="3" errors="0" failures="0" skipped="0" time="2.026" timestamp="2025-08-06T15:58:31.175713">
<testsuite name="Config File" tests="1" errors="0" failures="0" skipped="0" time="0.495" timestamp="2025-08-06T15:58:31.177308">
<testcase classname="Tests.Stests.Configs.Config File" name="Test server config file successful start-up" time="0.491">
</testcase>
<properties>
<property name="Documentation" value="Tests to verify that the configs file are read and respect the priority architecture: cli arguments, env variables and then the config files"/>
</properties>
</testsuite>
<testsuite name="Work With Configs" tests="2" errors="0" failures="0" skipped="0" time="1.528" timestamp="2025-08-06T15:58:31.673100">
<testcase classname="Tests.Stests.Configs.Work With Configs" name="Test Dots CLI get configs" time="0.708">
</testcase>
<testcase classname="Tests.Stests.Configs.Work With Configs" name="Test Dots Podman remove confgis" time="0.816">
</testcase>
<properties>
<property name="Documentation" value="Tests to verify that dotctl cli lists configs correctly."/>
</properties>
</testsuite>
</testsuite>
<testsuite name="Control Interface" tests="18" errors="0" failures="0" skipped="0" time="25.582" timestamp="2025-08-06T15:58:33.202441">
<testsuite name="Authorization" tests="12" errors="0" failures="0" skipped="0" time="19.907" timestamp="2025-08-06T15:58:33.206811">
<testcase classname="Tests.Stests.Control Interface.Authorization" name="No rules" time="1.415">
</testcase>
<testcase classname="Tests.Stests.Control Interface.Authorization" name="Allow write rule with wildcard string allows all writes" time="1.417">
</testcase>
<testcase classname="Tests.Stests.Control Interface.Authorization" name="Allow write rule with wildcard string denies all reads" time="1.433">
</testcase>
<testcase classname="Tests.Stests.Control Interface.Authorization" name="Allow read rule with wildcard string denies all writes" time="1.423">
</testcase>
<testcase classname="Tests.Stests.Control Interface.Authorization" name="Allow read rule with wildcard string allows all reads" time="2.471">
</testcase>
<testcase classname="Tests.Stests.Control Interface.Authorization" name="Allow read write rule with wildcard string allows allow read and writes" time="1.442">
</testcase>
<testcase classname="Tests.Stests.Control Interface.Authorization" name="Allow write rule for only tags allows write to tags" time="1.326">
</testcase>
<testcase classname="Tests.Stests.Control Interface.Authorization" name="Allow write rule for only tags denies everythings execept write to tags" time="1.424">
</testcase>
<testcase classname="Tests.Stests.Control Interface.Authorization" name="Allow read rule for only tags allows read from tags" time="2.481">
</testcase>
<testcase classname="Tests.Stests.Control Interface.Authorization" name="Allow read rule for only tags denies everythings execept read from tags" time="1.153">
</testcase>
<testcase classname="Tests.Stests.Control Interface.Authorization" name="Allow read write rule for workloads except write to simple_existing allows all read and write on workloads execept write to simple_existing" time="1.441">
</testcase>
<testcase classname="Tests.Stests.Control Interface.Authorization" name="Allow read write rule for workloads except write to simple_existing forbids writing to simple_existing and reading whole state" time="2.475">
</testcase>
<properties>
<property name="Documentation" value="Tests the authorization of the Control Interface access from workloads."/>
</properties>
</testsuite>
<testsuite name="Control Interface" tests="6" errors="0" failures="0" skipped="0" time="5.668" timestamp="2025-08-06T15:58:53.114947">
<testcase classname="Tests.Stests.Control Interface.Control Interface" name="Test Dots workload successful start-up without a Control Interface access" time="0.761">
</testcase>
<testcase classname="Tests.Stests.Control Interface.Control Interface" name="Test Dots workload restart after update without a Control Interface access" time="1.062">
</testcase>
<testcase classname="Tests.Stests.Control Interface.Control Interface" name="Test Dots workload restart after update with a Control Interface access" time="1.116">
</testcase>
<testcase classname="Tests.Stests.Control Interface.Control Interface" name="Test Control Interface closes connection when initial hello missing" time="2.456">
</testcase>
<testcase classname="Tests.Stests.Control Interface.Control Interface" name="Test workload with empty Control Interface access field mask rejected" time="0.210">
</testcase>
<testcase classname="Tests.Stests.Control Interface.Control Interface" name="Test server started with empty Control Interface access field mask fails" time="0.055">
</testcase>
<properties>
<property name="Documentation" value="Tests to verify that Dots workloads are being restarted after having added a Control Interface."/>
</properties>
</testsuite>
<properties>
<property name="Documentation" value="Tests the control interface provided by Dots to workloads"/>
</properties>
</testsuite>
<testsuite name="Manifests" tests="11" errors="0" failures="0" skipped="0" time="13.958" timestamp="2025-08-06T15:58:58.785655">
<testsuite name="Apply Manifests" tests="11" errors="0" failures="0" skipped="0" time="13.955" timestamp="2025-08-06T15:58:58.787912">
<testcase classname="Tests.Stests.Manifests.Apply Manifests" name="Test Dots apply workload specifications showing progress via spinner" time="1.372">
</testcase>
<testcase classname="Tests.Stests.Manifests.Apply Manifests" name="Test Dots apply workload specifications via Dots Manifest files" time="1.375">
</testcase>
<testcase classname="Tests.Stests.Manifests.Apply Manifests" name="Test Dots apply workload specifications via Dots Manifest content through stdin" time="1.258">
</testcase>
<testcase classname="Tests.Stests.Manifests.Apply Manifests" name="Test Dots apply workload specification overwriting the agent names" time="1.214">
</testcase>
<testcase classname="Tests.Stests.Manifests.Apply Manifests" name="Test Dots apply workload specification defining the agent names" time="1.392">
</testcase>
<testcase classname="Tests.Stests.Manifests.Apply Manifests" name="Test Dots apply workload specification without agent name" time="1.046">
</testcase>
<testcase classname="Tests.Stests.Manifests.Apply Manifests" name="Test Dots apply workload specifications via Dots Manifest files for deletion" time="1.272">
</testcase>
<testcase classname="Tests.Stests.Manifests.Apply Manifests" name="Test Dots apply workload specifications via Dots Manifest content through stdin for deletion" time="1.159">
</testcase>
<testcase classname="Tests.Stests.Manifests.Apply Manifests" name="Test Dots apply workload specifications in Dots manifest with templated fields" time="1.769">
</testcase>
<testcase classname="Tests.Stests.Manifests.Apply Manifests" name="Test Dots apply workload specification with wrong api version" time="1.045">
</testcase>
<testcase classname="Tests.Stests.Manifests.Apply Manifests" name="Test Dots apply workload specification with wrong api version format" time="1.040">
</testcase>
<properties>
<property name="Documentation" value="Tests to verify that Dots can apply workload specifications via Dots manifest files."/>
</properties>
</testsuite>
</testsuite>
<testsuite name="Mtls" tests="5" errors="0" failures="0" skipped="0" time="6.360" timestamp="2025-08-06T15:59:12.744596">
<testsuite name="Mtls Communication" tests="5" errors="0" failures="0" skipped="0" time="6.357" timestamp="2025-08-06T15:59:12.746205">
<testcase classname="Tests.Stests.Mtls.Mtls Communication" name="Test Dots MTLS by providing PEM files via environment variables" time="2.025">
</testcase>
<testcase classname="Tests.Stests.Mtls.Mtls Communication" name="Test Dots MTLS by providing PEM files via command line arguments" time="0.808">
</testcase>
<testcase classname="Tests.Stests.Mtls.Mtls Communication" name="Test Dots MTLS by providing wrong PEM config via command line arguments" time="0.900">
</testcase>
<testcase classname="Tests.Stests.Mtls.Mtls Communication" name="Test Dots insecure mode by providing --insecure command line arguments" time="1.937">
</testcase>
<testcase classname="Tests.Stests.Mtls.Mtls Communication" name="Test Dots MTLS by providing PEM files via config files" time="0.682">
</testcase>
<properties>
<property name="Documentation" value="Tests to verify that dotctl cli lists workloads correctly."/>
</properties>
</testsuite>
</testsuite>
<testsuite name="Workloads" tests="35" errors="0" failures="0" skipped="0" time="90.877" timestamp="2025-08-06T15:59:19.104932">
<testsuite name="Create Workload Podman" tests="2" errors="0" failures="0" skipped="0" time="3.250" timestamp="2025-08-06T15:59:19.106520">
<testcase classname="Tests.Stests.Workloads.Create Workload Podman" name="Test Dots Podman create workloads" time="2.146">
</testcase>
<testcase classname="Tests.Stests.Workloads.Create Workload Podman" name="Test Dots Podman create a container with custom name" time="1.099">
</testcase>
<properties>
<property name="Documentation" value="Tests to verify that Dots can create Podman workloads."/>
</properties>
</testsuite>
<testsuite name="Delete Workload Podman" tests="1" errors="0" failures="0" skipped="0" time="3.159" timestamp="2025-08-06T15:59:22.357017">
<testcase classname="Tests.Stests.Workloads.Delete Workload Podman" name="Test Dots Podman remove workloads" time="3.155">
</testcase>
<properties>
<property name="Documentation" value="Tests to verify that Dots can create Podman workloads."/>
</properties>
</testsuite>
<testsuite name="Delete Workload Podman Kube" tests="1" errors="0" failures="0" skipped="0" time="1.339" timestamp="2025-08-06T15:59:25.517143">
<testcase classname="Tests.Stests.Workloads.Delete Workload Podman Kube" name="Test Dots Podman delete kube workload" time="1.335">
</testcase>
<properties>
<property name="Documentation" value="Tests to verify that Dots can create Podman workloads."/>
</properties>
</testsuite>
<testsuite name="Device Restart With Dependencies" tests="1" errors="0" failures="0" skipped="0" time="8.741" timestamp="2025-08-06T15:59:26.856499">
<testcase classname="Tests.Stests.Workloads.Device Restart With Dependencies" name="Test Dots restarts exited workloads on device restart with considering inter-workload dependencies" time="8.734">
</testcase>
<properties>
<property name="Documentation" value="Tests to verify that Dots creates and deletes workloads&#10;with inter-workload dependencies properly."/>
</properties>
</testsuite>
<testsuite name="Interworkload Dependencies" tests="4" errors="0" failures="0" skipped="0" time="18.690" timestamp="2025-08-06T15:59:35.598454">
<testcase classname="Tests.Stests.Workloads.Interworkload Dependencies" name="Test Dots observes the inter-workload dependencies when creating workloads" time="6.987">
</testcase>
<testcase classname="Tests.Stests.Workloads.Interworkload Dependencies" name="Test Dots observes the inter-workload dependencies when deleting workloads" time="1.672">
</testcase>
<testcase classname="Tests.Stests.Workloads.Interworkload Dependencies" name="Test Dots CLI update workload with pending delete" time="3.772">
</testcase>
<testcase classname="Tests.Stests.Workloads.Interworkload Dependencies" name="Test Dots CLI update workload with pending create" time="6.251">
</testcase>
<properties>
<property name="Documentation" value="Tests to verify that Dots creates and deletes workloads&#10;with inter-workload dependencies properly."/>
</properties>
</testsuite>
<testsuite name="List Workloads" tests="2" errors="0" failures="0" skipped="0" time="5.024" timestamp="2025-08-06T15:59:54.289331">
<testcase classname="Tests.Stests.Workloads.List Workloads" name="Test Dots CLI get workloads" time="3.038">
</testcase>
<testcase classname="Tests.Stests.Workloads.List Workloads" name="Test Dots CLI get workloads with config files" time="1.982">
</testcase>
<properties>
<property name="Documentation" value="Tests to verify that dotctl cli lists workloads correctly."/>
</properties>
</testsuite>
<testsuite name="Reject State With Cyclic Dependencies" tests="2" errors="0" failures="0" skipped="0" time="2.279" timestamp="2025-08-06T15:59:59.313879">
<testcase classname="Tests.Stests.Workloads.Reject State With Cyclic Dependencies" name="Test Dots reject startup config with cyclic interworkload dependencies" time="0.584">
</testcase>
<testcase classname="Tests.Stests.Workloads.Reject State With Cyclic Dependencies" name="Test Dots CLI update state with cycle in interworkload dependencies is rejected by Dots server" time="1.691">
</testcase>
<properties>
<property name="Documentation" value="Tests to verify that Dots rejects a state with a cycle in the interworkload dependencies config."/>
</properties>
</testsuite>
<testsuite name="Restart Handling Podman" tests="2" errors="0" failures="0" skipped="0" time="12.015" timestamp="2025-08-06T16:00:01.594255">
<testcase classname="Tests.Stests.Workloads.Restart Handling Podman" name="Test Dots restarts workloads with restart policy ALWAYS." time="5.919">
</testcase>
<testcase classname="Tests.Stests.Workloads.Restart Handling Podman" name="Test Dots restarts workloads with restart policy ON_FAILURE." time="6.092">
</testcase>
<properties>
<property name="Documentation" value="Tests to verify that Dots creates and deletes workloads&#10;with inter-workload dependencies properly."/>
</properties>
</testsuite>
<testsuite name="Retry Creation Of Workload Podman" tests="3" errors="0" failures="0" skipped="0" time="10.785" timestamp="2025-08-06T16:00:13.610126">
<testcase classname="Tests.Stests.Workloads.Retry Creation Of Workload Podman" name="Test Dots Podman retry creation of a workload on creation failure" time="1.728">
</testcase>
<testcase classname="Tests.Stests.Workloads.Retry Creation Of Workload Podman" name="Test Dots Podman retry creation of a workload on creation failure intercepted by update" time="6.186">
</testcase>
<testcase classname="Tests.Stests.Workloads.Retry Creation Of Workload Podman" name="Test Dots Podman retry creation of a workload on creation failure intercepted by delete" time="2.866">
</testcase>
<properties>
<property name="Documentation" value="Tests to verify that restart behavior on failing create of workload works correctly"/>
</properties>
</testsuite>
<testsuite name="State Operations With Field Mask" tests="1" errors="0" failures="0" skipped="0" time="1.206" timestamp="2025-08-06T16:00:24.395660">
<testcase classname="Tests.Stests.Workloads.State Operations With Field Mask" name="Test Dots CLI update workload" time="1.202">
</testcase>
<properties>
<property name="Documentation" value="Tests to verify that dotctl cli properly supports field mask operations with state commands"/>
</properties>
</testsuite>
<testsuite name="Update Workload Podman" tests="7" errors="0" failures="0" skipped="0" time="7.736" timestamp="2025-08-06T16:00:25.602203">
<testcase classname="Tests.Stests.Workloads.Update Workload Podman" name="Test Dots CLI update workload" time="1.763">
</testcase>
<testcase classname="Tests.Stests.Workloads.Update Workload Podman" name="Test Dots Podman update workload from empty state" time="0.493">
</testcase>
<testcase classname="Tests.Stests.Workloads.Update Workload Podman" name="Test Dots Podman Update workload with invalid api version" time="1.339">
</testcase>
<testcase classname="Tests.Stests.Workloads.Update Workload Podman" name="Test Dots Podman Update workload with invalid workload name" time="1.032">
</testcase>
<testcase classname="Tests.Stests.Workloads.Update Workload Podman" name="Test Dots Podman Update workload with lengthy workload name" time="1.035">
</testcase>
<testcase classname="Tests.Stests.Workloads.Update Workload Podman" name="Test Dots Podman Update workload with invalid agent name" time="1.035">
</testcase>
<testcase classname="Tests.Stests.Workloads.Update Workload Podman" name="Test Dots Podman Update workload with missing api version" time="1.033">
</testcase>
<properties>
<property name="Documentation" value="Tests to verify that dotctl cli updates workloads correctly&#10;by adapting the portmapping from the host port 8081 to host port 8082."/>
</properties>
</testsuite>
<testsuite name="Workload Configs Podman" tests="5" errors="0" failures="0" skipped="0" time="4.791" timestamp="2025-08-06T16:00:33.339524">
<testcase classname="Tests.Stests.Workloads.Workload Configs Podman" name="Test Dots start up with templated Dots manifest and update state with updated config item" time="1.639">
</testcase>
<testcase classname="Tests.Stests.Workloads.Workload Configs Podman" name="Test Dots update configs with invalid config item key" time="0.849">
</testcase>
<testcase classname="Tests.Stests.Workloads.Workload Configs Podman" name="Test Dots update workload with invalid config alias" time="0.846">
</testcase>
<testcase classname="Tests.Stests.Workloads.Workload Configs Podman" name="Test Dots update workload with invalid config reference key" time="0.871">
</testcase>
<testcase classname="Tests.Stests.Workloads.Workload Configs Podman" name="Test Dots start up fails with invalid templated Dots manifest" time="0.579">
</testcase>
<properties>
<property name="Documentation" value="Test of different cases related to workloads and their rendered configuration."/>
</properties>
</testsuite>
<testsuite name="Workload Files" tests="4" errors="0" failures="0" skipped="0" time="11.849" timestamp="2025-08-06T16:00:38.131729">
<testcase classname="Tests.Stests.Workloads.Workload Files" name="Test Dots starts manifest with workload files assigned to workloads" time="2.704">
</testcase>
<testcase classname="Tests.Stests.Workloads.Workload Files" name="Test Dots updates a workload upon update of its workload file content" time="1.744">
</testcase>
<testcase classname="Tests.Stests.Workloads.Workload Files" name="Test Dots updates a workload upon adding additional workload files" time="6.313">
</testcase>
<testcase classname="Tests.Stests.Workloads.Workload Files" name="Test Dots rejects unsupported workload files for workloads using podman-kube runtime" time="1.083">
</testcase>
<properties>
<property name="Documentation" value="Tests to verify that Dots creates and mounts workload files&#10;assigned to workloads."/>
</properties>
</testsuite>
</testsuite>
</testsuite>
</testsuite>
